Log file open, 07/14/18 21:29:58
LogWindows: Failed to load 'aqProf.dll' (GetLastError=126)
LogWindows: File 'aqProf.dll' does not exist
LogWindows: Failed to load 'VtuneApi.dll' (GetLastError=126)
LogWindows: File 'VtuneApi.dll' does not exist
LogWindows: Failed to load 'VtuneApi32e.dll' (GetLastError=126)
LogWindows: File 'VtuneApi32e.dll' does not exist
LogInit: Display: Running engine for game: TheWindowsCleaner
LogPlatformFile: Not using cached read wrapper
LogInit: Display: RandInit(392053625) SRandInit(392053625).
LogInit: Read version file with build ID '3944462'
LogInit: Overriding engine version to CL 4033788, compatible CL 3944462
LogInit: Registered custom module enumerator with build ID '3944462'
LogTaskGraph: Started task graph with 5 named threads and 23 total threads with 3 sets of task threads.
LogStats: Stats thread started at 0.307363
LogD3D11RHI: Aftermath initialized
LogICUInternationalization: Display: ICU TimeZone Detection - Raw Offset: +1:00, Platform Override: ''
LogModuleManager: Display: Found up-to-date module file ../../../Engine/Plugins/2D/Paper2D/Binaries/Win64/UE4Editor-Paper2D.dll (API version 3944462).
LogModuleManager: Display: Found up-to-date module file ../../../Engine/Plugins/2D/Paper2D/Binaries/Win64/UE4Editor-Paper2DEditor.dll (API version 3944462).
LogModuleManager: Display: Found up-to-date module file ../../../Engine/Plugins/2D/Paper2D/Binaries/Win64/UE4Editor-PaperSpriteSheetImporter.dll (API version 3944462).
LogModuleManager: Display: Found up-to-date module file ../../../Engine/Plugins/2D/Paper2D/Binaries/Win64/UE4Editor-PaperTiledImporter.dll (API version 3944462).
LogModuleManager: Display: Found up-to-date module file ../../../Engine/Plugins/2D/Paper2D/Binaries/Win64/UE4Editor-SmartSnapping.dll (API version 3944462).
LogModuleManager: Display: Found up-to-date module file ../../../Engine/Plugins/Blendables/LightPropagationVolume/Binaries/Win64/UE4Editor-LightPropagationVolumeRuntime.dll (API version 3944462).
LogModuleManager: Display: Found up-to-date module file ../../../Engine/Plugins/Blendables/LightPropagationVolume/Binaries/Win64/UE4Editor-LightPropagationVolumeEditor.dll (API version 3944462).
LogModuleManager: Display: Found up-to-date module file ../../../Engine/Plugins/Developer/CLionSourceCodeAccess/Binaries/Win64/UE4Editor-CLionSourceCodeAccess.dll (API version 3944462).
LogModuleManager: Display: Found up-to-date module file ../../../Engine/Plugins/Developer/GitSourceControl/Binaries/Win64/UE4Editor-GitSourceControl.dll (API version 3944462).
LogModuleManager: Display: Found up-to-date module file ../../../Engine/Plugins/Developer/PerforceSourceControl/Binaries/Win64/UE4Editor-PerforceSourceControl.dll (API version 3944462).
LogModuleManager: Display: Found up-to-date module file ../../../Engine/Plugins/Developer/SubversionSourceControl/Binaries/Win64/UE4Editor-SubversionSourceControl.dll (API version 3944462).
LogModuleManager: Display: Found up-to-date module file ../../../Engine/Plugins/Developer/UObjectPlugin/Binaries/Win64/UE4Editor-UObjectPlugin.dll (API version 3944462).
LogModuleManager: Display: Found up-to-date module file ../../../Engine/Plugins/Developer/VisualStudioCodeSourceCodeAccess/Binaries/Win64/UE4Editor-VisualStudioCodeSourceCodeAccess.dll (API version 3944462).
LogModuleManager: Display: Found up-to-date module file ../../../Engine/Plugins/Developer/VisualStudioSourceCodeAccess/Binaries/Win64/UE4Editor-VisualStudioSourceCodeAccess.dll (API version 3944462).
LogModuleManager: Display: Found up-to-date module file ../../../Engine/Plugins/Editor/AssetManagerEditor/Binaries/Win64/UE4Editor-AssetManagerEditor.dll (API version 3944462).
LogModuleManager: Display: Found up-to-date module file ../../../Engine/Plugins/Editor/CryptoKeys/Binaries/Win64/UE4Editor-CryptoKeys.dll (API version 3944462).
LogModuleManager: Display: Found up-to-date module file ../../../Engine/Plugins/Editor/CryptoKeys/Binaries/Win64/UE4Editor-CryptoKeysOpenSSL.dll (API version 3944462).
LogModuleManager: Display: Found up-to-date module file ../../../Engine/Plugins/Editor/DataValidation/Binaries/Win64/UE4Editor-DataValidation.dll (API version 3944462).
LogModuleManager: Display: Found up-to-date module file ../../../Engine/Plugins/Editor/FacialAnimation/Binaries/Win64/UE4Editor-FacialAnimation.dll (API version 3944462).
LogModuleManager: Display: Found up-to-date module file ../../../Engine/Plugins/Editor/FacialAnimation/Binaries/Win64/UE4Editor-FacialAnimationEditor.dll (API version 3944462).
LogModuleManager: Display: Found up-to-date module file ../../../Engine/Plugins/Editor/GameplayTagsEditor/Binaries/Win64/UE4Editor-GameplayTagsEditor.dll (API version 3944462).
LogModuleManager: Display: Found up-to-date module file ../../../Engine/Plugins/Editor/MobileLauncherProfileWizard/Binaries/Win64/UE4Editor-MobileLauncherProfileWizard.dll (API version 3944462).
LogModuleManager: Display: Found up-to-date module file ../../../Engine/Plugins/Editor/PluginBrowser/Binaries/Win64/UE4Editor-PluginBrowser.dll (API version 3944462).
LogModuleManager: Display: Found up-to-date module file ../../../Engine/Plugins/Editor/SpeedTreeImporter/Binaries/Win64/UE4Editor-SpeedTreeImporter.dll (API version 3944462).
LogModuleManager: Display: Found up-to-date module file ../../../Engine/Plugins/Enterprise/DatasmithContent/Binaries/Win64/UE4Editor-DatasmithContent.dll (API version 3944462).
LogModuleManager: Display: Found up-to-date module file ../../../Engine/Plugins/Experimental/AlembicImporter/Binaries/Win64/UE4Editor-AlembicImporter.dll (API version 3944462).
LogModuleManager: Display: Found up-to-date module file ../../../Engine/Plugins/Experimental/AlembicImporter/Binaries/Win64/UE4Editor-AlembicLibrary.dll (API version 3944462).
LogModuleManager: Display: Found up-to-date module file ../../../Engine/Plugins/Experimental/CharacterAI/Binaries/Win64/UE4Editor-CharacterAI.dll (API version 3944462).
LogModuleManager: Display: Found up-to-date module file ../../../Engine/Plugins/Experimental/HTML5Networking/Binaries/Win64/UE4Editor-HTML5Networking.dll (API version 3944462).
LogModuleManager: Display: Found up-to-date module file ../../../Engine/Plugins/Media/AndroidMedia/Binaries/Win64/UE4Editor-AndroidMediaEditor.dll (API version 3944462).
LogModuleManager: Display: Found up-to-date module file ../../../Engine/Plugins/Media/AndroidMedia/Binaries/Win64/UE4Editor-AndroidMediaFactory.dll (API version 3944462).
LogModuleManager: Display: Found up-to-date module file ../../../Engine/Plugins/Media/AvfMedia/Binaries/Win64/UE4Editor-AvfMediaEditor.dll (API version 3944462).
LogModuleManager: Display: Found up-to-date module file ../../../Engine/Plugins/Media/AvfMedia/Binaries/Win64/UE4Editor-AvfMediaFactory.dll (API version 3944462).
LogModuleManager: Display: Found up-to-date module file ../../../Engine/Plugins/Media/AvfMedia/Binaries/Win64/UE4Editor-AvfMediaFactory.dll (API version 3944462).
LogModuleManager: Display: Found up-to-date module file ../../../Engine/Plugins/Media/ImgMedia/Binaries/Win64/UE4Editor-ImgMedia.dll (API version 3944462).
LogModuleManager: Display: Found up-to-date module file ../../../Engine/Plugins/Media/ImgMedia/Binaries/Win64/UE4Editor-ImgMediaEditor.dll (API version 3944462).
LogModuleManager: Display: Found up-to-date module file ../../../Engine/Plugins/Media/ImgMedia/Binaries/Win64/UE4Editor-ImgMediaFactory.dll (API version 3944462).
LogModuleManager: Display: Found up-to-date module file ../../../Engine/Plugins/Media/ImgMedia/Binaries/Win64/UE4Editor-ImgMediaFactory.dll (API version 3944462).
LogModuleManager: Display: Found up-to-date module file ../../../Engine/Plugins/Media/ImgMedia/Binaries/Win64/UE4Editor-OpenExrWrapper.dll (API version 3944462).
LogModuleManager: Display: Found up-to-date module file ../../../Engine/Plugins/Media/LinearTimecode/Binaries/Win64/UE4Editor-LinearTimecode.dll (API version 3944462).
LogModuleManager: Display: Found up-to-date module file ../../../Engine/Plugins/Media/MediaCompositing/Binaries/Win64/UE4Editor-MediaCompositing.dll (API version 3944462).
LogModuleManager: Display: Found up-to-date module file ../../../Engine/Plugins/Media/MediaCompositing/Binaries/Win64/UE4Editor-MediaCompositingEditor.dll (API version 3944462).
LogModuleManager: Display: Found up-to-date module file ../../../Engine/Plugins/Media/MediaPlayerEditor/Binaries/Win64/UE4Editor-MediaPlayerEditor.dll (API version 3944462).
LogModuleManager: Display: Found up-to-date module file ../../../Engine/Plugins/Media/WmfMedia/Binaries/Win64/UE4Editor-WmfMedia.dll (API version 3944462).
LogModuleManager: Display: Found up-to-date module file ../../../Engine/Plugins/Media/WmfMedia/Binaries/Win64/UE4Editor-WmfMediaEditor.dll (API version 3944462).
LogModuleManager: Display: Found up-to-date module file ../../../Engine/Plugins/Media/WmfMedia/Binaries/Win64/UE4Editor-WmfMediaFactory.dll (API version 3944462).
LogModuleManager: Display: Found up-to-date module file ../../../Engine/Plugins/Media/WmfMedia/Binaries/Win64/UE4Editor-WmfMediaFactory.dll (API version 3944462).
LogModuleManager: Display: Found up-to-date module file ../../../Engine/Plugins/Messaging/TcpMessaging/Binaries/Win64/UE4Editor-TcpMessaging.dll (API version 3944462).
LogModuleManager: Display: Found up-to-date module file ../../../Engine/Plugins/Messaging/UdpMessaging/Binaries/Win64/UE4Editor-UdpMessaging.dll (API version 3944462).
LogModuleManager: Display: Found up-to-date module file ../../../Engine/Plugins/MovieScene/ActorSequence/Binaries/Win64/UE4Editor-ActorSequence.dll (API version 3944462).
LogModuleManager: Display: Found up-to-date module file ../../../Engine/Plugins/MovieScene/LevelSequenceEditor/Binaries/Win64/UE4Editor-LevelSequenceEditor.dll (API version 3944462).
LogModuleManager: Display: Found up-to-date module file ../../../Engine/Plugins/MovieScene/MatineeToLevelSequence/Binaries/Win64/UE4Editor-MatineeToLevelSequence.dll (API version 3944462).
LogModuleManager: Display: Found up-to-date module file ../../../Engine/Plugins/NetcodeUnitTest/NetcodeUnitTest/Binaries/Win64/UE4Editor-NetcodeUnitTest.dll (API version 3944462).
LogModuleManager: Display: Found up-to-date module file ../../../Engine/Plugins/NetcodeUnitTest/NUTUnrealEngine4/Binaries/Win64/UE4Editor-NUTUnrealEngine4.dll (API version 3944462).
LogModuleManager: Display: Found up-to-date module file ../../../Engine/Plugins/Online/OnlineSubsystem/Binaries/Win64/UE4Editor-OnlineSubsystem.dll (API version 3944462).
LogModuleManager: Display: Found up-to-date module file ../../../Engine/Plugins/Runtime/AndroidPermission/Binaries/Win64/UE4Editor-AndroidPermission.dll (API version 3944462).
LogModuleManager: Display: Found up-to-date module file ../../../Engine/Plugins/Online/OnlineSubsystemNull/Binaries/Win64/UE4Editor-OnlineSubsystemNull.dll (API version 3944462).
LogModuleManager: Display: Found up-to-date module file ../../../Engine/Plugins/Online/OnlineSubsystemUtils/Binaries/Win64/UE4Editor-OnlineSubsystemUtils.dll (API version 3944462).
LogModuleManager: Display: Found up-to-date module file ../../../Engine/Plugins/Online/OnlineSubsystemUtils/Binaries/Win64/UE4Editor-OnlineBlueprintSupport.dll (API version 3944462).
LogModuleManager: Display: Found up-to-date module file ../../../Engine/Plugins/Runtime/AndroidDeviceProfileSelector/Binaries/Win64/UE4Editor-AndroidDeviceProfileSelector.dll (API version 3944462).
LogModuleManager: Display: Found up-to-date module file ../../../Engine/Plugins/Runtime/AppleARKit/Binaries/Win64/UE4Editor-AppleARKit.dll (API version 3944462).
LogModuleManager: Display: Found up-to-date module file ../../../Engine/Plugins/Runtime/ProceduralMeshComponent/Binaries/Win64/UE4Editor-ProceduralMeshComponent.dll (API version 3944462).
LogModuleManager: Display: Found up-to-date module file ../../../Engine/Plugins/Runtime/ProceduralMeshComponent/Binaries/Win64/UE4Editor-ProceduralMeshComponentEditor.dll (API version 3944462).
LogModuleManager: Display: Found up-to-date module file ../../../Engine/Plugins/Animation/LiveLink/Binaries/Win64/UE4Editor-LiveLink.dll (API version 3944462).
LogModuleManager: Display: Found up-to-date module file ../../../Engine/Plugins/Animation/LiveLink/Binaries/Win64/UE4Editor-LiveLinkEditor.dll (API version 3944462).
LogModuleManager: Display: Found up-to-date module file ../../../Engine/Plugins/Runtime/ArchVisCharacter/Binaries/Win64/UE4Editor-ArchVisCharacter.dll (API version 3944462).
LogModuleManager: Display: Found up-to-date module file ../../../Engine/Plugins/Runtime/AudioCapture/Binaries/Win64/UE4Editor-AudioCapture.dll (API version 3944462).
LogModuleManager: Display: Found up-to-date module file ../../../Engine/Plugins/Runtime/AudioCapture/Binaries/Win64/UE4Editor-AudioCaptureEditor.dll (API version 3944462).
LogModuleManager: Display: Found up-to-date module file ../../../Engine/Plugins/Runtime/CableComponent/Binaries/Win64/UE4Editor-CableComponent.dll (API version 3944462).
LogModuleManager: Display: Found up-to-date module file ../../../Engine/Plugins/Runtime/CustomMeshComponent/Binaries/Win64/UE4Editor-CustomMeshComponent.dll (API version 3944462).
LogModuleManager: Display: Found up-to-date module file ../../../Engine/Plugins/Runtime/ExampleDeviceProfileSelector/Binaries/Win64/UE4Editor-ExampleDeviceProfileSelector.dll (API version 3944462).
LogModuleManager: Display: Found up-to-date module file ../../../Engine/Plugins/Runtime/ImmediatePhysics/Binaries/Win64/UE4Editor-ImmediatePhysics.dll (API version 3944462).
LogModuleManager: Display: Found up-to-date module file ../../../Engine/Plugins/Runtime/ImmediatePhysics/Binaries/Win64/UE4Editor-ImmediatePhysicsEditor.dll (API version 3944462).
LogModuleManager: Display: Found up-to-date module file ../../../Engine/Plugins/Runtime/LocationServicesBPLibrary/Binaries/Win64/UE4Editor-LocationServicesBPLibrary.dll (API version 3944462).
LogModuleManager: Display: Found up-to-date module file ../../../Engine/Plugins/Runtime/MobilePatchingUtils/Binaries/Win64/UE4Editor-MobilePatchingUtils.dll (API version 3944462).
LogModuleManager: Display: Found up-to-date module file ../../../Engine/Plugins/Runtime/Oculus/OculusVR/Binaries/Win64/UE4Editor-OculusHMD.dll (API version 3944462).
LogModuleManager: Display: Found up-to-date module file ../../../Engine/Plugins/Runtime/Oculus/OculusVR/Binaries/Win64/UE4Editor-OculusInput.dll (API version 3944462).
LogModuleManager: Display: Found up-to-date module file ../../../Engine/Plugins/Runtime/Oculus/OculusVR/Binaries/Win64/UE4Editor-OculusEditor.dll (API version 3944462).
LogModuleManager: Display: Found up-to-date module file ../../../Engine/Plugins/Runtime/PhysXVehicles/Binaries/Win64/UE4Editor-PhysXVehicles.dll (API version 3944462).
LogModuleManager: Display: Found up-to-date module file ../../../Engine/Plugins/Runtime/PhysXVehicles/Binaries/Win64/UE4Editor-PhysXVehiclesEditor.dll (API version 3944462).
LogModuleManager: Display: Found up-to-date module file ../../../Engine/Plugins/Runtime/RuntimePhysXCooking/Binaries/Win64/UE4Editor-RuntimePhysXCooking.dll (API version 3944462).
LogModuleManager: Display: Found up-to-date module file ../../../Engine/Plugins/Runtime/Steam/SteamVR/Binaries/Win64/UE4Editor-SteamVR.dll (API version 3944462).
LogModuleManager: Display: Found up-to-date module file ../../../Engine/Plugins/Runtime/Steam/SteamVR/Binaries/Win64/UE4Editor-SteamVRController.dll (API version 3944462).
LogModuleManager: Display: Found up-to-date module file ../../../Engine/Plugins/Runtime/WindowsMoviePlayer/Binaries/Win64/UE4Editor-WindowsMoviePlayer.dll (API version 3944462).
LogPluginManager: Mounting plugin Paper2D
LogPluginManager: Mounting plugin LiveLink
LogPluginManager: Mounting plugin LightPropagationVolume
LogPluginManager: Mounting plugin CLionSourceCodeAccess
LogPluginManager: Mounting plugin CodeLiteSourceCodeAccess
LogPluginManager: Mounting plugin GitSourceControl
LogPluginManager: Mounting plugin KDevelopSourceCodeAccess
LogPluginManager: Mounting plugin NullSourceCodeAccess
LogPluginManager: Mounting plugin PerforceSourceControl
LogPluginManager: Mounting plugin SubversionSourceControl
LogPluginManager: Mounting plugin UObjectPlugin
LogPluginManager: Mounting plugin VisualStudioCodeSourceCodeAccess
LogPluginManager: Mounting plugin VisualStudioSourceCodeAccess
LogPluginManager: Mounting plugin XCodeSourceCodeAccess
LogPluginManager: Mounting plugin AssetManagerEditor
LogPluginManager: Mounting plugin CryptoKeys
LogPluginManager: Mounting plugin DataValidation
LogPluginManager: Mounting plugin FacialAnimation
LogPluginManager: Mounting plugin GameplayTagsEditor
LogPluginManager: Mounting plugin MobileLauncherProfileWizard
LogPluginManager: Mounting plugin PluginBrowser
LogPluginManager: Mounting plugin SpeedTreeImporter
LogPluginManager: Mounting plugin DatasmithContent
LogPluginManager: Mounting plugin AlembicImporter
LogPluginManager: Mounting plugin CharacterAI
LogPluginManager: Mounting plugin HTML5Networking
LogPluginManager: Mounting plugin AndroidMedia
LogPluginManager: Mounting plugin AvfMedia
LogPluginManager: Mounting plugin ImgMedia
LogPluginManager: Mounting plugin LinearTimecode
LogPluginManager: Mounting plugin MediaCompositing
LogPluginManager: Mounting plugin MediaPlayerEditor
LogPluginManager: Mounting plugin WmfMedia
LogPluginManager: Mounting plugin TcpMessaging
LogPluginManager: Mounting plugin UdpMessaging
LogPluginManager: Mounting plugin ActorSequence
LogPluginManager: Mounting plugin LevelSequenceEditor
LogPluginManager: Mounting plugin MatineeToLevelSequence
LogPluginManager: Mounting plugin NetcodeUnitTest
LogPluginManager: Mounting plugin NUTUnrealEngine4
LogPluginManager: Mounting plugin OnlineSubsystemGooglePlay
LogPluginManager: Mounting plugin OnlineSubsystemIOS
LogPluginManager: Mounting plugin OnlineSubsystem
LogPluginManager: Mounting plugin OnlineSubsystemNull
LogPluginManager: Mounting plugin OnlineSubsystemUtils
LogPluginManager: Mounting plugin AndroidDeviceProfileSelector
LogPluginManager: Mounting plugin AndroidMoviePlayer
LogPluginManager: Mounting plugin AndroidPermission
LogPluginManager: Mounting plugin AppleARKit
LogPluginManager: Mounting plugin AppleMoviePlayer
LogPluginManager: Mounting plugin ArchVisCharacter
LogPluginManager: Mounting plugin AudioCapture
LogPluginManager: Mounting plugin CableComponent
LogPluginManager: Mounting plugin CustomMeshComponent
LogPluginManager: Mounting plugin ExampleDeviceProfileSelector
LogPluginManager: Mounting plugin GoogleCloudMessaging
LogPluginManager: Mounting plugin ImmediatePhysics
LogPluginManager: Mounting plugin IOSDeviceProfileSelector
LogPluginManager: Mounting plugin LinuxDeviceProfileSelector
LogPluginManager: Mounting plugin LocationServicesBPLibrary
LogPluginManager: Mounting plugin MobilePatchingUtils
LogPluginManager: Mounting plugin OculusVR
LogPluginManager: Plugin shader directory ../../../Engine/Plugins/Runtime/Oculus/OculusVR/Shaders found
LogPluginManager: Mapping shader source directory ../../../Engine/Plugins/Runtime/Oculus/OculusVR/Shaders to virtual directory /Plugin/OculusVR
LogPluginManager: Mounting plugin PhysXVehicles
LogPluginManager: Mounting plugin ProceduralMeshComponent
LogPluginManager: Mounting plugin RuntimePhysXCooking
LogPluginManager: Mounting plugin SteamVR
LogPluginManager: Mounting plugin WindowsMoviePlayer
LogStreaming: Display: Took  1.908s to configure plugins.
LogInit: Using libcurl 7.47.1
LogInit:  - built for x86_64-pc-win32
LogInit:  - supports SSL with OpenSSL/1.0.2g
LogInit:  - supports HTTP deflate (compression) using libz 1.2.8
LogInit:  - other features:
LogInit:      CURL_VERSION_SSL
LogInit:      CURL_VERSION_LIBZ
LogInit:      CURL_VERSION_IPV6
LogInit:      CURL_VERSION_ASYNCHDNS
LogInit:      CURL_VERSION_LARGEFILE
LogInit:      CURL_VERSION_IDN
LogInit:  CurlRequestOptions (configurable via config and command line):
LogInit:  - bVerifyPeer = false  - Libcurl will NOT verify peer certificate
LogInit:  - bUseHttpProxy = false  - Libcurl will NOT use HTTP proxy
LogInit:  - bDontReuseConnections = false  - Libcurl will reuse connections
LogInit:  - CertBundlePath = nullptr  - Libcurl will use whatever was configured at build time.
LogInit:  - MaxHostConnections = 16  - Libcurl will limit the number of connections to a host
LogInit:  - LocalHostAddr = Default
LogInit: WinSock: version 1.1 (2.2), MaxSocks=32767, MaxUdp=65467
LogInit: WinSock: I am Tyn (192.168.1.104:0)
LogInit: Build: ++UE4+Release-4.19-CL-4033788
LogInit: Engine Version: 4.19.2-4033788+++UE4+Release-4.19
LogInit: Compatible Engine Version: 4.19.0-3944462+++UE4+Release-4.19
LogInit: Net CL: 3944462
LogDevObjectVersion: Number of dev versions registered: 18
LogDevObjectVersion:   Dev-Blueprints (B0D832E4-1F89-4F0D-ACCF-7EB736FD4AA2): 10
LogDevObjectVersion:   Dev-Build (E1C64328-A22C-4D53-A36C-8E866417BD8C): 0
LogDevObjectVersion:   Dev-Core (375EC13C-06E4-48FB-B500-84F0262A717E): 2
LogDevObjectVersion:   Dev-Editor (E4B068ED-F494-42E9-A231-DA0B2E46BB41): 23
LogDevObjectVersion:   Dev-Framework (CFFC743F-43B0-4480-9391-14DF171D2073): 33
LogDevObjectVersion:   Dev-Mobile (B02B49B5-BB20-44E9-A304-32B752E40360): 2
LogDevObjectVersion:   Dev-Networking (A4E4105C-59A1-49B5-A7C5-40C4547EDFEE): 0
LogDevObjectVersion:   Dev-Online (39C831C9-5AE6-47DC-9A44-9C173E1C8E7C): 0
LogDevObjectVersion:   Dev-Physics (78F01B33-EBEA-4F98-B9B4-84EACCB95AA2): 0
LogDevObjectVersion:   Dev-Platform (6631380F-2D4D-43E0-8009-CF276956A95A): 0
LogDevObjectVersion:   Dev-Rendering (12F88B9F-8875-4AFC-A67C-D90C383ABD29): 25
LogDevObjectVersion:   Dev-Sequencer (7B5AE74C-D270-4C10-A958-57980B212A5A): 6
LogDevObjectVersion:   Dev-VR (D7296918-1DD6-4BDD-9DE2-64A83CC13884): 1
LogDevObjectVersion:   Dev-LoadTimes (C2A15278-BFE7-4AFE-6C17-90FF531DF755): 1
LogDevObjectVersion:   Private-Geometry (6EACA3D4-40EC-4CC1-B786-8BED09428FC5): 2
LogDevObjectVersion:   Dev-AnimPhys (29E575DD-E0A3-4627-9D10-D276232CDCEA): 16
LogDevObjectVersion:   Dev-ReflectionCapture (6B266CEC-1EC7-4B8F-A30B-E4D90942FC07): 1
LogDevObjectVersion:   Dev-Automation (0DF73D61-A23F-47EA-B727-89E90C41499A): 1
LogInit: Compiled (64-bit): Apr 27 2018 02:06:57
LogInit: Compiled with Visual C++: 19.00.24215.01
LogInit: Build Configuration: Development
LogInit: Branch Name: ++UE4+Release-4.19
LogInit: Command Line:  
LogInit: Base Directory: C:/Program Files/Epic Games/UE_4.19/Engine/Binaries/Win64/
LogInit: Installed Engine Build: 1
LogStreaming: Display: Took  0.000s to delete old logs.
LogInit: Presizing for max 8388607 objects, including 0 objects not considered by GC, pre-allocating 0 bytes for permanent pool.
LogInit: Object subsystem initialized
[2018.07.14-19.30.00:436][  0]LogInit: Selected Device Profile: [Windows]
[2018.07.14-19.30.00:436][  0]LogInit: Applying CVar settings loaded from the selected device profile: [Windows]
[2018.07.14-19.30.00:454][  0]LogInit: Computer: TYN
[2018.07.14-19.30.00:454][  0]LogInit: User: MAURO
[2018.07.14-19.30.00:454][  0]LogInit: CPU Page size=4096, Cores=4
[2018.07.14-19.30.00:454][  0]LogInit: High frequency timer resolution =3.515752 MHz
[2018.07.14-19.30.00:455][  0]LogMemory: Memory total: Physical=23.9GB (24GB approx)
[2018.07.14-19.30.00:455][  0]LogMemory: Platform Memory Stats for Windows
[2018.07.14-19.30.00:455][  0]LogMemory: Process Physical Memory: 272.40 MB used, 272.40 MB peak
[2018.07.14-19.30.00:455][  0]LogMemory: Process Virtual Memory: 264.66 MB used, 264.66 MB peak
[2018.07.14-19.30.00:455][  0]LogMemory: Physical Memory: 5405.09 MB used,  19095.04 MB free, 24500.13 MB total
[2018.07.14-19.30.00:455][  0]LogMemory: Virtual Memory: 638.45 MB used,  19095.04 MB free, 134217728.00 MB total
[2018.07.14-19.30.00:587][  0]LogInit: Using OS detected language (it-IT).
[2018.07.14-19.30.00:587][  0]LogInit: Using OS detected locale (it-IT).
[2018.07.14-19.30.00:631][  0]LogTextLocalizationManager: No localization for 'it-IT' exists, so 'en' will be used for the language.
[2018.07.14-19.30.01:094][  0]LogStreaming: Display: Took  0.508s to EndInitTextLocalization.
[2018.07.14-19.30.01:094][  0]LogInit: Setting process to per monitor DPI aware
[2018.07.14-19.30.01:185][  0]LogSlate: New Slate User Created.  User Index 0, Is Virtual User: 0
[2018.07.14-19.30.01:185][  0]LogSlate: Slate User Registered.  User Index 0, Is Virtual User: 0
[2018.07.14-19.30.02:963][  0]LogD3D11RHI: D3D11 adapters:
[2018.07.14-19.30.02:976][  0]LogD3D11RHI:    0. 'AMD Radeon R9 200 Series' (Feature Level 11_0)
[2018.07.14-19.30.02:976][  0]LogD3D11RHI:       3050/0/3840 MB DedicatedVideo/DedicatedSystem/SharedSystem, Outputs:3, VendorId:0x1002
[2018.07.14-19.30.02:977][  0]LogD3D11RHI:    1. 'Microsoft Basic Render Driver' (Feature Level 11_0)
[2018.07.14-19.30.02:978][  0]LogD3D11RHI:       0/0/256 MB DedicatedVideo/DedicatedSystem/SharedSystem, Outputs:0, VendorId:0x1414
[2018.07.14-19.30.02:978][  0]LogD3D11RHI: Chosen D3D11 Adapter: 0
[2018.07.14-19.30.02:982][  0]LogD3D11RHI: Creating new Direct3DDevice
[2018.07.14-19.30.02:982][  0]LogD3D11RHI:     GPU DeviceId: 0x679a (for the marketing name, search the web for "GPU Device Id")
[2018.07.14-19.30.02:982][  0]LogWindows: EnumDisplayDevices:
[2018.07.14-19.30.02:983][  0]LogWindows:    0. 'AMD Radeon R9 200 Series' (P:1 D:1)
[2018.07.14-19.30.02:983][  0]LogWindows:    1. 'AMD Radeon R9 200 Series' (P:0 D:1)
[2018.07.14-19.30.02:983][  0]LogWindows:    2. 'AMD Radeon R9 200 Series' (P:0 D:1)
[2018.07.14-19.30.02:983][  0]LogWindows:    3. 'AMD Radeon R9 200 Series' (P:0 D:0)
[2018.07.14-19.30.02:983][  0]LogWindows:    4. 'AMD Radeon R9 200 Series' (P:0 D:0)
[2018.07.14-19.30.02:983][  0]LogWindows:    5. 'AMD Radeon R9 200 Series' (P:0 D:0)
[2018.07.14-19.30.02:984][  0]LogWindows: DebugString: FoundDriverCount:6 
[2018.07.14-19.30.02:984][  0]LogD3D11RHI:     Adapter Name: AMD Radeon R9 200 Series
[2018.07.14-19.30.02:984][  0]LogD3D11RHI:   Driver Version: Crimson ReLive 17.4.4 (internal:22.19.162.4, unified:22.19.162.4)
[2018.07.14-19.30.02:984][  0]LogD3D11RHI:      Driver Date: 4-24-2017
[2018.07.14-19.30.02:984][  0]LogRHI: Texture pool is 2135 MB (70% of 3050 MB)
[2018.07.14-19.30.03:020][  0]LogD3D11RHI: Async texture creation enabled
[2018.07.14-19.30.03:032][  0]LogD3D11RHI: GPU Timing Frequency: 27.000000 (Debug: 2 1)
[2018.07.14-19.30.03:032][  0]LogShaderCompilers: Guid format shader working directory is -50 characters bigger than the processId version (../../../../../../Users/MAURO/Desktop/LavavetriPotentissimi/TheWindowsCleaner/TheWindowsCleaner/Intermediate/Shaders/WorkingDirectory/40580/).
[2018.07.14-19.30.03:032][  0]LogShaderCompilers: Cleaned the shader compiler working directory 'C:/Users/MAURO/AppData/Local/Temp/UnrealShaderWorkingDir/7BD4E4F143A4A53C0C102C9AFC4137DB/'.
[2018.07.14-19.30.03:587][  0]LogTemp: Display: Loaded TP AllDesktopTargetPlatform
[2018.07.14-19.30.03:603][  0]LogTemp: Display: Loaded TP MacClientTargetPlatform
[2018.07.14-19.30.03:618][  0]LogTemp: Display: Loaded TP MacNoEditorTargetPlatform
[2018.07.14-19.30.03:633][  0]LogTemp: Display: Loaded TP MacServerTargetPlatform
[2018.07.14-19.30.03:653][  0]LogTemp: Display: Loaded TP MacTargetPlatform
[2018.07.14-19.30.03:669][  0]LogTemp: Display: Loaded TP WindowsClientTargetPlatform
[2018.07.14-19.30.03:684][  0]LogTemp: Display: Loaded TP WindowsNoEditorTargetPlatform
[2018.07.14-19.30.03:700][  0]LogTemp: Display: Loaded TP WindowsServerTargetPlatform
[2018.07.14-19.30.03:707][  0]LogTemp: Display: Loaded TP WindowsTargetPlatform
[2018.07.14-19.30.03:721][  0]LogTemp: Display: Loaded TP Android_ASTCTargetPlatform
[2018.07.14-19.30.03:735][  0]LogTemp: Display: Loaded TP Android_ATCTargetPlatform
[2018.07.14-19.30.03:749][  0]LogTemp: Display: Loaded TP Android_DXTTargetPlatform
[2018.07.14-19.30.03:764][  0]LogTemp: Display: Loaded TP Android_ETC1aTargetPlatform
[2018.07.14-19.30.03:778][  0]LogTemp: Display: Loaded TP Android_ETC1TargetPlatform
[2018.07.14-19.30.03:792][  0]LogTemp: Display: Loaded TP Android_ETC2TargetPlatform
[2018.07.14-19.30.03:820][  0]LogTemp: Display: Loaded TP Android_MultiTargetPlatform
[2018.07.14-19.30.03:820][  0]LogTemp: Display: Loaded TP Android_PVRTCTargetPlatform
[2018.07.14-19.30.03:838][  0]LogTemp: Display: Loaded TP AndroidTargetPlatform
[2018.07.14-19.30.03:840][  0]LogTemp: Display: Loaded TP HTML5TargetPlatform
[2018.07.14-19.30.03:901][  0]LogTemp: Display: Loaded TP IOSTargetPlatform
[2018.07.14-19.30.03:914][  0]LogTemp: Display: Loaded TP TVOSTargetPlatform
[2018.07.14-19.30.03:929][  0]LogTemp: Display: Loaded TP LinuxClientTargetPlatform
[2018.07.14-19.30.03:943][  0]LogTemp: Display: Loaded TP LinuxNoEditorTargetPlatform
[2018.07.14-19.30.03:957][  0]LogTemp: Display: Loaded TP LinuxServerTargetPlatform
[2018.07.14-19.30.03:976][  0]LogTemp: Display: Loaded TP LinuxTargetPlatform
[2018.07.14-19.30.03:976][  0]LogTargetPlatformManager: Display: Building Assets For Windows
[2018.07.14-19.30.04:299][  0]LogXGEController: Cleaning working directory: C:/Users/MAURO/AppData/Local/Temp/UnrealXGEWorkingDir/
[2018.07.14-19.30.04:299][  0]LogXGEController: Cannot use XGE Controller as Incredibuild is not installed on this machine.
[2018.07.14-19.30.04:299][  0]LogShaderCompilers: Cannot use XGE Shader Compiler as Incredibuild is not installed on this machine.
[2018.07.14-19.30.04:299][  0]LogShaderCompilers: Display: Using Local Shader Compiler.
[2018.07.14-19.30.05:251][  0]LogDerivedDataCache: Display: Max Cache Size: 512 MB
[2018.07.14-19.30.05:341][  0]LogDerivedDataCache: Loaded boot cache 0.09s 74MB C:/Users/MAURO/AppData/Local/UnrealEngine/4.19/DerivedDataCache/Boot.ddc.
[2018.07.14-19.30.05:341][  0]LogDerivedDataCache: Display: Loaded Boot cache: C:/Users/MAURO/AppData/Local/UnrealEngine/4.19/DerivedDataCache/Boot.ddc
[2018.07.14-19.30.05:342][  0]LogDerivedDataCache: FDerivedDataBackendGraph:  Pak pak cache file ../../../../../../Users/MAURO/Desktop/LavavetriPotentissimi/TheWindowsCleaner/TheWindowsCleaner/DerivedDataCache/DDC.ddp not found, will not use a pak cache.
[2018.07.14-19.30.05:342][  0]LogDerivedDataCache: Unable to find inner node Pak for hierarchical cache Hierarchy.
[2018.07.14-19.30.05:342][  0]LogDerivedDataCache: FDerivedDataBackendGraph:  CompressedPak pak cache file ../../../../../../Users/MAURO/Desktop/LavavetriPotentissimi/TheWindowsCleaner/TheWindowsCleaner/DerivedDataCache/Compressed.ddp not found, will not use a pak cache.
[2018.07.14-19.30.05:342][  0]LogDerivedDataCache: Unable to find inner node CompressedPak for hierarchical cache Hierarchy.
[2018.07.14-19.30.05:365][  0]LogDerivedDataCache: Display: Pak cache opened for reading ../../../Engine/DerivedDataCache/Compressed.ddp.
[2018.07.14-19.30.05:378][  0]LogDerivedDataCache: Using Local data cache path C:/Users/MAURO/AppData/Local/UnrealEngine/Common/DerivedDataCache: Writable
[2018.07.14-19.30.05:378][  0]LogDerivedDataCache: Shared data cache path not found in *engine.ini, will not use an Shared cache.
[2018.07.14-19.30.05:378][  0]LogDerivedDataCache: Unable to find inner node Shared for hierarchical cache Hierarchy.
[2018.07.14-19.30.05:392][  0]LogMaterial: Verifying Global Shaders for PCD3D_SM5
[2018.07.14-19.30.05:392][  0]LogSlate: Using Freetype 2.6.0
[2018.07.14-19.30.05:402][  0]LogSlate: SlateFontCache - WITH_FREETYPE: 1, WITH_HARFBUZZ: 1
[2018.07.14-19.30.05:402][  0]LogSlate: SlateFontCache - WITH_FREETYPE: 1, WITH_HARFBUZZ: 1
[2018.07.14-19.30.07:200][  0]LogAssetRegistry: FAssetRegistry took 0.0274 seconds to start up
[2018.07.14-19.30.07:642][  0]LogInit: Selected Device Profile: [Windows]
[2018.07.14-19.30.07:850][  0]LogSimplygon: Simplygon DLL not present - disabling.
[2018.07.14-19.30.07:853][  0]LogMeshReduction: Using SimplygonSwarm for distributed automatic mesh merging
[2018.07.14-19.30.07:853][  0]LogMeshReduction: Using QuadricMeshReduction for automatic static mesh reduction
[2018.07.14-19.30.07:853][  0]LogMeshReduction: No automatic skeletal mesh reduction module available
[2018.07.14-19.30.07:853][  0]LogMeshReduction: No automatic mesh merging module available
[2018.07.14-19.30.07:853][  0]LogMeshMerging: No automatic mesh merging module available
[2018.07.14-19.30.07:912][  0]LogNetVersion: TheWindowsCleaner , NetCL: 3944462, EngineNetVer: 2, GameNetVer: 0 (Checksum: 680671117)
[2018.07.14-19.30.08:397][  0]LogPackageLocalizationCache: Processed 9 localized package path(s) for 1 prioritized culture(s) in 0.051093 seconds
[2018.07.14-19.30.08:403][  0]LogUObjectArray: 36728 objects as part of root set at end of initial load.
[2018.07.14-19.30.08:403][  0]LogUObjectAllocator: 7314304 out of 0 bytes used by permanent object pool.
[2018.07.14-19.30.08:403][  0]LogUObjectArray: CloseDisregardForGC: 0/0 objects in disregard for GC pool
[2018.07.14-19.30.11:504][  0]LogTcpMessaging: Initializing TcpMessaging bridge
[2018.07.14-19.30.11:535][  0]LogUdpMessaging: Initializing bridge on interface 0.0.0.0:0 to multicast group 230.0.0.1:6666.
[2018.07.14-19.30.11:957][  0]SourceControl: Source control is disabled
[2018.07.14-19.30.12:834][  0]LogAndroidPermission: UAndroidPermissionCallbackProxy::GetInstance
[2018.07.14-19.30.13:019][  0]LogOcInput: OculusInput pre-init called
[2018.07.14-19.30.13:144][  0]LogEngine: Initializing Engine...
[2018.07.14-19.30.13:146][  0]LogHMD: Failed to initialize OpenVR with code 110
[2018.07.14-19.30.13:147][  0]LogStats: UGameplayTagsManager::ConstructGameplayTagTree: Construct from data asset -  0.000 s
[2018.07.14-19.30.13:147][  0]LogStats: UGameplayTagsManager::ConstructGameplayTagTree: GameplayTagTreeChangedEvent.Broadcast -  0.000 s
[2018.07.14-19.30.13:406][  0]LogAIModule: Creating AISystem for world Untitled
[2018.07.14-19.30.13:430][  0]LogInit: XAudio2 using 'Altoparlanti (WsAudioDevice_383)' : 2 channels at 44.1 kHz using 16 bits per sample (channel mask 0x3)
[2018.07.14-19.30.13:464][  0]LogInit: FAudioDevice initialized.
[2018.07.14-19.30.13:675][  0]LogDerivedDataCache: Saved boot cache 0.21s 74MB C:/Users/MAURO/AppData/Local/UnrealEngine/4.19/DerivedDataCache/Boot.ddc.
[2018.07.14-19.30.13:691][  0]LogInit: Texture streaming: Enabled
[2018.07.14-19.30.13:710][  0]LogEngineSessionManager: EngineSessionManager initialized
[2018.07.14-19.30.13:728][  0]LogInit: Transaction tracking system initialized
[2018.07.14-19.30.13:752][  0]BlueprintLog: New page: Editor Load
[2018.07.14-19.30.13:840][  0]LocalizationService: Localization service is disabled
[2018.07.14-19.30.13:957][  0]LogConsoleResponse: Display: 
[2018.07.14-19.30.14:123][  0]LogCook: Display: Max memory allowance for cook 16384mb min free memory 0mb
[2018.07.14-19.30.14:123][  0]LogCook: Display: Mobile HDR setting 1
[2018.07.14-19.30.14:123][  0]LogGameplayTags: Display: UGameplayTagsManager::DoneAddingNativeTags. DelegateIsBound: 0
[2018.07.14-19.30.14:123][  0]LogStats: UGameplayTagsManager::ConstructGameplayTagTree: Construct from data asset -  0.000 s
[2018.07.14-19.30.14:123][  0]LogStats: UGameplayTagsManager::ConstructGameplayTagTree: GameplayTagTreeChangedEvent.Broadcast -  0.000 s
[2018.07.14-19.30.14:547][  0]LogFileCache: Scanning file cache for directory 'C:/Users/MAURO/Desktop/LavavetriPotentissimi/TheWindowsCleaner/TheWindowsCleaner/Content/' took 0.01s
[2018.07.14-19.30.14:547][  0]LightingResults: New page: Lighting Build
[2018.07.14-19.30.14:550][  0]MapCheck: New page: Map Check
[2018.07.14-19.30.14:550][  0]LightingResults: New page: Lighting Build
[2018.07.14-19.30.14:612][  0]LogUObjectGlobals: Created PersistentFrame Addr=0x000000eae1611f00, Size=64, Default__ThirdPerson_AnimBP_C Function /Game/Mannequin/Animations/ThirdPerson_AnimBP.ThirdPerson_AnimBP_C:ExecuteUbergraph_ThirdPerson_AnimBP
[2018.07.14-19.30.14:626][  0]LogUObjectGlobals: Destroyed PersistentFrame Addr=0x000000eae1611f00, Size=64
[2018.07.14-19.30.14:626][  0]LogUObjectGlobals: Created PersistentFrame Addr=0x000000eae1612040, Size=64, Default__ThirdPerson_AnimBP_C Function /Engine/Transient.REINST_ThirdPerson_AnimBP_C_0:ExecuteUbergraph_ThirdPerson_AnimBP
[2018.07.14-19.30.14:636][  0]LogUObjectGlobals: Created PersistentFrame Addr=0x000000eaea88d120, Size=72, Default__ThirdPerson_AnimBP_C Function /Game/Mannequin/Animations/ThirdPerson_AnimBP.ThirdPerson_AnimBP_C:ExecuteUbergraph_ThirdPerson_AnimBP
[2018.07.14-19.30.14:678][  0]LogUObjectGlobals: Created PersistentFrame Addr=0x000000ea80566480, Size=296, Default__ThirdPersonCharacter_C Function /Game/ThirdPersonBP/Blueprints/ThirdPersonCharacter.ThirdPersonCharacter_C:ExecuteUbergraph_ThirdPersonCharacter
[2018.07.14-19.30.14:686][  0]LogUObjectGlobals: Destroyed PersistentFrame Addr=0x000000ea80566480, Size=296
[2018.07.14-19.30.14:686][  0]LogUObjectGlobals: Created PersistentFrame Addr=0x000000ea80566480, Size=296, Default__ThirdPersonCharacter_C Function /Engine/Transient.REINST_ThirdPersonCharacter_C_4:ExecuteUbergraph_ThirdPersonCharacter
[2018.07.14-19.30.14:693][  0]LogUObjectGlobals: Created PersistentFrame Addr=0x000000ea80564b80, Size=296, Default__ThirdPersonCharacter_C Function /Game/ThirdPersonBP/Blueprints/ThirdPersonCharacter.ThirdPersonCharacter_C:ExecuteUbergraph_ThirdPersonCharacter
[2018.07.14-19.30.14:783][  0]LogLinker: Warning: Can't find file '/Game/ThirdPersonBP/Maps/ThirdPersonExampleMap_BuiltData'
[2018.07.14-19.30.14:783][  0]LogLinker: Warning: Can't find file for asset '/Game/ThirdPersonBP/Maps/ThirdPersonExampleMap_BuiltData' while loading ../../../../../../Users/MAURO/Desktop/LavavetriPotentissimi/TheWindowsCleaner/TheWindowsCleaner/Content/ThirdPersonBP/Maps/ThirdPersonExampleMap.umap.
[2018.07.14-19.30.14:783][  0]LoadErrors: Error: /Game/ThirdPersonBP/Maps/ThirdPersonExampleMap : Can't find file for asset. /Game/ThirdPersonBP/Maps/ThirdPersonExampleMap_BuiltData
[2018.07.14-19.30.14:801][  0]LogLinker: Warning: Can't find file '/Game/ThirdPersonBP/Maps/ThirdPersonExampleMap_BuiltData'
[2018.07.14-19.30.14:801][  0]LogLinker: Warning: Can't find file for asset '/Game/ThirdPersonBP/Maps/ThirdPersonExampleMap_BuiltData' while loading ../../../../../../Users/MAURO/Desktop/LavavetriPotentissimi/TheWindowsCleaner/TheWindowsCleaner/Content/ThirdPersonBP/Maps/ThirdPersonExampleMap.umap.
[2018.07.14-19.30.14:801][  0]LoadErrors: Error: /Game/ThirdPersonBP/Maps/ThirdPersonExampleMap : Can't find file for asset. /Game/ThirdPersonBP/Maps/ThirdPersonExampleMap_BuiltData
[2018.07.14-19.30.14:805][  0]LogLinker: Warning: Can't find file '/Game/ThirdPersonBP/Maps/ThirdPersonExampleMap_BuiltData'
[2018.07.14-19.30.14:805][  0]LogLinker: Warning: Can't find file for asset '/Game/ThirdPersonBP/Maps/ThirdPersonExampleMap_BuiltData' while loading NULL.
[2018.07.14-19.30.14:805][  0]LogLinker: Warning: Can't find file '/Game/ThirdPersonBP/Maps/ThirdPersonExampleMap_BuiltData'
[2018.07.14-19.30.14:805][  0]LogLinker: Warning: Can't find file for asset '/Game/ThirdPersonBP/Maps/ThirdPersonExampleMap_BuiltData' while loading NULL.
[2018.07.14-19.30.14:861][  0]LogLinker: Warning: Can't find file '/Game/ThirdPersonBP/Maps/ThirdPersonExampleMap_BuiltData'
[2018.07.14-19.30.14:861][  0]LoadErrors: Failed to load /Game/ThirdPersonBP/Maps/ThirdPersonExampleMap_BuiltData.ThirdPersonExampleMap_BuiltData Referenced by PersistentLevel
[2018.07.14-19.30.14:861][  0]LogLinker: Warning: Can't find file for asset '/Game/ThirdPersonBP/Maps/ThirdPersonExampleMap_BuiltData' while loading NULL.
[2018.07.14-19.30.14:861][  0]LoadErrors: Failed to load /Game/ThirdPersonBP/Maps/ThirdPersonExampleMap_BuiltData.ThirdPersonExampleMap_BuiltData Referenced by PersistentLevel
[2018.07.14-19.30.15:017][  0]LogSkeletalMesh: Skeletal Mesh found in DDC [20.445698ms] /Game/Mannequin/Character/Mesh/SK_Mannequin.SK_Mannequin
[2018.07.14-19.30.15:101][  0]LogAIModule: Creating AISystem for world ThirdPersonExampleMap
[2018.07.14-19.30.15:114][  0]LogEditorServer: Finished looking for orphan Actors (0.000 secs)
[2018.07.14-19.30.15:127][  0]LogUObjectGlobals: Destroyed PersistentFrame Addr=0x000000eae1612040, Size=64
[2018.07.14-19.30.15:136][  0]LogUObjectGlobals: Destroyed PersistentFrame Addr=0x000000ea80566480, Size=296
[2018.07.14-19.30.15:137][  0]Cmd: MAP CHECKDEP NOCLEARLOG
[2018.07.14-19.30.15:244][  0]MapCheck: Map check complete: 0 Error(s), 0 Warning(s), took 106,791ms to complete.
[2018.07.14-19.30.15:244][  0]LogFileHelpers: Loading map 'ThirdPersonExampleMap' took 0.697
[2018.07.14-19.30.15:566][  0]LogCollectionManager: Loaded 0 collections in 0.001358 seconds
[2018.07.14-19.30.15:639][  0]LogFileCache: Scanning file cache for directory 'C:/Users/MAURO/Desktop/LavavetriPotentissimi/TheWindowsCleaner/TheWindowsCleaner/Saved/Collections/' took 0.01s
[2018.07.14-19.30.15:639][  0]LogFileCache: Scanning file cache for directory 'C:/Users/MAURO/Desktop/LavavetriPotentissimi/TheWindowsCleaner/TheWindowsCleaner/Content/Developers/MAURO/Collections/' took 0.01s
[2018.07.14-19.30.15:639][  0]LogFileCache: Scanning file cache for directory 'C:/Users/MAURO/Desktop/LavavetriPotentissimi/TheWindowsCleaner/TheWindowsCleaner/Content/Collections/' took 0.01s
[2018.07.14-19.30.15:639][  0]LogCollectionManager: Rebuilt the GUID cache for 0 collections in 0.000000 seconds
[2018.07.14-19.30.15:654][  0]LogContentBrowser: Native class hierarchy populated in 0.0151 seconds. Added 2453 classes and 560 folders.
[2018.07.14-19.30.15:661][  0]LogContentBrowser: Native class hierarchy updated for 'WidgetCarousel' in 0.0002 seconds. Added 0 classes and 0 folders.
[2018.07.14-19.30.15:940][  0]LogContentBrowser: Native class hierarchy updated for 'AddContentDialog' in 0.0002 seconds. Added 0 classes and 0 folders.
[2018.07.14-19.30.15:958][  0]LogSlate: Took 0.003563 seconds to synchronously load lazily loaded font '../../../Engine/Content/Slate/Fonts/Roboto-Regular.ttf' (155K)
[2018.07.14-19.30.15:965][  0]LogSlate: Took 0.003173 seconds to synchronously load lazily loaded font '../../../Engine/Content/Slate/Fonts/Roboto-Bold.ttf' (160K)
[2018.07.14-19.30.15:973][  0]LogSlate: Took 0.003811 seconds to synchronously load lazily loaded font '../../../Engine/Content/Editor/Slate/Fonts/FontAwesome.ttf' (139K)
[2018.07.14-19.30.16:066][  0]LogRenderer: Reallocating scene render targets to support 2556x1224 Format 10 NumSamples 1 (Frame:1).
[2018.07.14-19.30.16:283][  0]LogContentBrowser: Native class hierarchy updated for 'HierarchicalLODOutliner' in 0.0003 seconds. Added 0 classes and 0 folders.
[2018.07.14-19.30.16:283][  0]LogLoad: (Engine Initialization) Total time: 19.84 seconds
[2018.07.14-19.30.16:283][  0]LogLoad: (Engine Initialization) Total Blueprint compile time: 0.00 seconds
[2018.07.14-19.30.16:313][  0]LogContentStreaming: Texture pool size now 1000 MB
[2018.07.14-19.30.16:343][  0]LogSlate: FSceneViewport::OnFocusLost() reason 2
[2018.07.14-19.30.16:422][  1]LogRenderer: Reallocating scene render targets to support 2556x1240 Format 10 NumSamples 1 (Frame:3).
[2018.07.14-19.30.16:433][  1]LogAssetRegistry: Asset discovery search completed in 9.2565 seconds
[2018.07.14-19.30.16:435][  1]LogCollectionManager: Rebuilt the object cache for 0 collections in 0.000000 seconds (found 0 objects)
[2018.07.14-19.30.16:435][  1]LogCollectionManager: Fixed up redirectors for 0 collections in 0.000046 seconds (updated 0 objects)
[2018.07.14-19.30.26:329][450]LogSlate: FSceneViewport::OnFocusLost() reason 0
[2018.07.14-19.31.31:890][422]LogSlate: FSceneViewport::OnFocusLost() reason 0
[2018.07.14-19.31.47:166][241]LogSlate: Window 'Message Log' being destroyed
[2018.07.14-19.31.47:168][241]LogSlate: Window 'Message Log' being destroyed
[2018.07.14-19.31.50:040][379]LogSlate: FSceneViewport::OnFocusLost() reason 0
[2018.07.14-19.32.02:130][969]LogSlate: FSceneViewport::OnFocusLost() reason 0
[2018.07.14-19.32.17:962][814]LogSlate: Window 'New Level' being destroyed
[2018.07.14-19.32.17:966][814]Cmd: MAP LOAD FILE="../../../Engine/Content/Maps/Templates/Template_Default.umap" TEMPLATE=1 SHOWPROGRESS=1 FEATURELEVEL=3
[2018.07.14-19.32.18:000][814]LogSlate: Took 0.004325 seconds to synchronously load lazily loaded font '../../../Engine/Content/Slate/Fonts/Roboto-Light.ttf' (167K)
[2018.07.14-19.32.18:007][814]LightingResults: New page: Lighting Build
[2018.07.14-19.32.18:008][814]LoadErrors: New page: Loading map: Template_Default.umap
[2018.07.14-19.32.18:010][814]MapCheck: New page: Map Check
[2018.07.14-19.32.18:010][814]LightingResults: New page: Lighting Build
[2018.07.14-19.32.18:060][814]LogAIModule: Creating AISystem for world Untitled_1
[2018.07.14-19.32.18:069][814]LogEditorServer: Finished looking for orphan Actors (0.000 secs)
[2018.07.14-19.32.18:084][814]Cmd: MAP CHECKDEP NOCLEARLOG
[2018.07.14-19.32.18:191][814]MapCheck: Map check complete: 0 Error(s), 0 Warning(s), took 106,624ms to complete.
[2018.07.14-19.32.18:192][814]LogFileHelpers: Loading map 'Template_Default' took 0.226
[2018.07.14-19.32.34:883][350]LogSlate: Window 'Save Level As' being destroyed
[2018.07.14-19.32.35:077][350]LogSavePackage: Save=28.02ms
[2018.07.14-19.32.35:077][350]LogSavePackage: Moving '../../../../../../Users/MAURO/Desktop/LavavetriPotentissimi/TheWindowsCleaner/TheWindowsCleaner/Saved/test_activity8505E82E45ED27515E1ED19FC3EF8499.tmp' to '../../../../../../Users/MAURO/Desktop/LavavetriPotentissimi/TheWindowsCleaner/TheWindowsCleaner/Content/test_activity/test_activity.umap'
[2018.07.14-19.32.35:079][350]LogSavePackage: Display: Finished SavePackage ../../../../../../Users/MAURO/Desktop/LavavetriPotentissimi/TheWindowsCleaner/TheWindowsCleaner/Content/test_activity/test_activity.umap
[2018.07.14-19.32.35:382][350]LogSavePackage: Save=14.02ms
[2018.07.14-19.32.35:382][350]LogSavePackage: Moving '../../../../../../Users/MAURO/Desktop/LavavetriPotentissimi/TheWindowsCleaner/TheWindowsCleaner/Saved/test_activity_BuiltData4270EA194F16AFCE8AFC9EB94B21D1C9.tmp' to '../../../../../../Users/MAURO/Desktop/LavavetriPotentissimi/TheWindowsCleaner/TheWindowsCleaner/Content/test_activity/test_activity_BuiltData.uasset'
[2018.07.14-19.32.35:385][350]LogSavePackage: Display: Finished SavePackage ../../../../../../Users/MAURO/Desktop/LavavetriPotentissimi/TheWindowsCleaner/TheWindowsCleaner/Content/test_activity/test_activity_BuiltData.uasset
[2018.07.14-19.32.35:504][350]SourceControl: Error: The following paths are ignored by one of your .gitignore files:
[2018.07.14-19.32.35:504][350]SourceControl: Error: TheWindowsCleaner/Content/test_activity/test_activity_BuiltData.uasset
[2018.07.14-19.32.35:504][350]SourceControl: Error: Use -f if you really want to add them.
[2018.07.14-19.32.35:507][350]LogFileHelpers: Saving map 'test_activity' took 0.620
[2018.07.14-19.32.35:508][350]Cmd: MAP LOAD FILE="../../../../../../Users/MAURO/Desktop/LavavetriPotentissimi/TheWindowsCleaner/TheWindowsCleaner/Content/test_activity/test_activity.umap" TEMPLATE=0 SHOWPROGRESS=1 FEATURELEVEL=3
[2018.07.14-19.32.35:567][350]LightingResults: New page: Lighting Build
[2018.07.14-19.32.35:567][350]LoadErrors: New page: Loading map: test_activity.umap
[2018.07.14-19.32.35:568][350]MapCheck: New page: Map Check
[2018.07.14-19.32.35:568][350]LightingResults: New page: Lighting Build
[2018.07.14-19.32.35:595][350]LogAIModule: Creating AISystem for world test_activity
[2018.07.14-19.32.35:598][350]LogEditorServer: Finished looking for orphan Actors (0.000 secs)
[2018.07.14-19.32.35:636][350]Cmd: MAP CHECKDEP NOCLEARLOG
[2018.07.14-19.32.35:748][350]MapCheck: Map check complete: 0 Error(s), 0 Warning(s), took 112,509ms to complete.
[2018.07.14-19.32.35:749][350]LogFileHelpers: Loading map 'test_activity' took 0.241
[2018.07.14-19.32.35:749][350]LoadErrors: Error: /Game/test_activity/test_activity : Failed import for MapBuildDataRegistry /Game/test_activity/test_activity_BuiltData.test_activity_BuiltData Referenced by export Level /Game/test_activity/test_activity.test_activity:PersistentLevel
[2018.07.14-19.33.17:233][657]SourceControl: fatal: C:/Program Files/Epic Games/UE_4.19/Engine/Content: 'C:/Program Files/Epic Games/UE_4.19/Engine/Content' is outside repository
[2018.07.14-19.33.55:586][657]LogSlate: Window 'Submit Files' being destroyed
[2018.07.14-19.33.55:888][657]LogWindows: Windows GetLastError: Operazione completata. (0)
[2018.07.14-19.33.56:641][657]LogThreadingWindows: Error: Runnable thread PoolThread 0 crashed.
[2018.07.14-19.33.56:641][657]LogWindows: Error: === Critical error: ===
[2018.07.14-19.33.56:641][657]LogWindows: Error: 
[2018.07.14-19.33.56:641][657]LogWindows: Error: Assertion failed: (Index >= 0) & (Index < ArrayNum) [File:D:\Build\++UE4+Release-4.19+Compile\Sync\Engine\Source\Runtime\Core\Public\Containers/Array.h] [Line: 610] 
[2018.07.14-19.33.56:641][657]LogWindows: Error: Array index out of bounds: 0 from an array of size 0
[2018.07.14-19.33.56:641][657]LogWindows: Error: 
[2018.07.14-19.33.56:641][657]LogWindows: Error: 
[2018.07.14-19.33.56:641][657]LogWindows: Error: [Callstack] 0x00000000FBE98EAC KERNELBASE.dll!UnknownFunction []
[2018.07.14-19.33.56:641][657]LogWindows: Error: [Callstack] 0x00000000ECC67884 UE4Editor-ApplicationCore.dll!UnknownFunction []
[2018.07.14-19.33.56:641][657]LogWindows: Error: [Callstack] 0x00000000D6126D9B UE4Editor-Core.dll!UnknownFunction []
[2018.07.14-19.33.56:641][657]LogWindows: Error: [Callstack] 0x00000000D6061949 UE4Editor-Core.dll!UnknownFunction []
[2018.07.14-19.33.56:641][657]LogWindows: Error: [Callstack] 0x00000000BF32EDD7 UE4Editor-GitSourceControl.dll!UnknownFunction []
[2018.07.14-19.33.56:641][657]LogWindows: Error: [Callstack] 0x00000000BF32DC75 UE4Editor-GitSourceControl.dll!UnknownFunction []
[2018.07.14-19.33.56:641][657]LogWindows: Error: [Callstack] 0x00000000D5FAFA55 UE4Editor-Core.dll!UnknownFunction []
[2018.07.14-19.33.56:641][657]LogWindows: Error: [Callstack] 0x00000000D6309FFC UE4Editor-Core.dll!UnknownFunction []
[2018.07.14-19.33.56:641][657]LogWindows: Error: [Callstack] 0x00000000D62FED63 UE4Editor-Core.dll!UnknownFunction []
[2018.07.14-19.33.56:641][657]LogWindows: Error: [Callstack] 0x00000000FD5413D2 KERNEL32.DLL!UnknownFunction []
[2018.07.14-19.33.56:641][657]LogWindows: Error: [Callstack] 0x00000000FE9354F4 ntdll.dll!UnknownFunction []
[2018.07.14-19.33.56:641][657]LogWindows: Error: [Callstack] 0x00000000FE9354F4 ntdll.dll!UnknownFunction []
[2018.07.14-19.33.56:641][657]LogWindows: Error: 
[2018.07.14-19.33.56:641][657]LogWindows: Error: Crash in runnable thread PoolThread 0
[2018.07.14-19.33.56:662][657]LogExit: Executing StaticShutdownAfterError
[2018.07.14-19.33.56:662][657]LogWindows: FPlatformMisc::RequestExit(1)
[2018.07.14-19.33.56:662][657]Log file closed, 07/14/18 21:33:56
