Log file open, 07/13/18 12:45:02
LogWindows: Failed to load 'aqProf.dll' (GetLastError=126)
LogWindows: File 'aqProf.dll' does not exist
LogWindows: Failed to load 'VtuneApi.dll' (GetLastError=126)
LogWindows: File 'VtuneApi.dll' does not exist
LogWindows: Failed to load 'VtuneApi32e.dll' (GetLastError=126)
LogWindows: File 'VtuneApi32e.dll' does not exist
LogInit: Display: Running engine for game: TheWindowsCleaner
LogPlatformFile: Not using cached read wrapper
LogInit: Display: RandInit(914572039) SRandInit(914572039).
LogInit: Read version file with build ID '3944462'
LogInit: Overriding engine version to CL 4033788, compatible CL 3944462
LogInit: Registered custom module enumerator with build ID '3944462'
LogTaskGraph: Started task graph with 5 named threads and 23 total threads with 3 sets of task threads.
LogStats: Stats thread started at 0.265510
LogD3D11RHI: Aftermath initialized
LogICUInternationalization: Display: ICU TimeZone Detection - Raw Offset: +1:00, Platform Override: ''
LogModuleManager: Display: Found up-to-date module file ../../../Engine/Plugins/2D/Paper2D/Binaries/Win64/UE4Editor-Paper2D.dll (API version 3944462).
LogModuleManager: Display: Found up-to-date module file ../../../Engine/Plugins/2D/Paper2D/Binaries/Win64/UE4Editor-Paper2DEditor.dll (API version 3944462).
LogModuleManager: Display: Found up-to-date module file ../../../Engine/Plugins/2D/Paper2D/Binaries/Win64/UE4Editor-PaperSpriteSheetImporter.dll (API version 3944462).
LogModuleManager: Display: Found up-to-date module file ../../../Engine/Plugins/2D/Paper2D/Binaries/Win64/UE4Editor-PaperTiledImporter.dll (API version 3944462).
LogModuleManager: Display: Found up-to-date module file ../../../Engine/Plugins/2D/Paper2D/Binaries/Win64/UE4Editor-SmartSnapping.dll (API version 3944462).
LogModuleManager: Display: Found up-to-date module file ../../../Engine/Plugins/Blendables/LightPropagationVolume/Binaries/Win64/UE4Editor-LightPropagationVolumeRuntime.dll (API version 3944462).
LogModuleManager: Display: Found up-to-date module file ../../../Engine/Plugins/Blendables/LightPropagationVolume/Binaries/Win64/UE4Editor-LightPropagationVolumeEditor.dll (API version 3944462).
LogModuleManager: Display: Found up-to-date module file ../../../Engine/Plugins/Developer/CLionSourceCodeAccess/Binaries/Win64/UE4Editor-CLionSourceCodeAccess.dll (API version 3944462).
LogModuleManager: Display: Found up-to-date module file ../../../Engine/Plugins/Developer/GitSourceControl/Binaries/Win64/UE4Editor-GitSourceControl.dll (API version 3944462).
LogModuleManager: Display: Found up-to-date module file ../../../Engine/Plugins/Developer/PerforceSourceControl/Binaries/Win64/UE4Editor-PerforceSourceControl.dll (API version 3944462).
LogModuleManager: Display: Found up-to-date module file ../../../Engine/Plugins/Developer/SubversionSourceControl/Binaries/Win64/UE4Editor-SubversionSourceControl.dll (API version 3944462).
LogModuleManager: Display: Found up-to-date module file ../../../Engine/Plugins/Developer/UObjectPlugin/Binaries/Win64/UE4Editor-UObjectPlugin.dll (API version 3944462).
LogModuleManager: Display: Found up-to-date module file ../../../Engine/Plugins/Developer/VisualStudioCodeSourceCodeAccess/Binaries/Win64/UE4Editor-VisualStudioCodeSourceCodeAccess.dll (API version 3944462).
LogModuleManager: Display: Found up-to-date module file ../../../Engine/Plugins/Developer/VisualStudioSourceCodeAccess/Binaries/Win64/UE4Editor-VisualStudioSourceCodeAccess.dll (API version 3944462).
LogModuleManager: Display: Found up-to-date module file ../../../Engine/Plugins/Editor/AssetManagerEditor/Binaries/Win64/UE4Editor-AssetManagerEditor.dll (API version 3944462).
LogModuleManager: Display: Found up-to-date module file ../../../Engine/Plugins/Editor/CryptoKeys/Binaries/Win64/UE4Editor-CryptoKeys.dll (API version 3944462).
LogModuleManager: Display: Found up-to-date module file ../../../Engine/Plugins/Editor/CryptoKeys/Binaries/Win64/UE4Editor-CryptoKeysOpenSSL.dll (API version 3944462).
LogModuleManager: Display: Found up-to-date module file ../../../Engine/Plugins/Editor/DataValidation/Binaries/Win64/UE4Editor-DataValidation.dll (API version 3944462).
LogModuleManager: Display: Found up-to-date module file ../../../Engine/Plugins/Editor/FacialAnimation/Binaries/Win64/UE4Editor-FacialAnimation.dll (API version 3944462).
LogModuleManager: Display: Found up-to-date module file ../../../Engine/Plugins/Editor/FacialAnimation/Binaries/Win64/UE4Editor-FacialAnimationEditor.dll (API version 3944462).
LogModuleManager: Display: Found up-to-date module file ../../../Engine/Plugins/Editor/GameplayTagsEditor/Binaries/Win64/UE4Editor-GameplayTagsEditor.dll (API version 3944462).
LogModuleManager: Display: Found up-to-date module file ../../../Engine/Plugins/Editor/MobileLauncherProfileWizard/Binaries/Win64/UE4Editor-MobileLauncherProfileWizard.dll (API version 3944462).
LogModuleManager: Display: Found up-to-date module file ../../../Engine/Plugins/Editor/PluginBrowser/Binaries/Win64/UE4Editor-PluginBrowser.dll (API version 3944462).
LogModuleManager: Display: Found up-to-date module file ../../../Engine/Plugins/Editor/SpeedTreeImporter/Binaries/Win64/UE4Editor-SpeedTreeImporter.dll (API version 3944462).
LogModuleManager: Display: Found up-to-date module file ../../../Engine/Plugins/Enterprise/DatasmithContent/Binaries/Win64/UE4Editor-DatasmithContent.dll (API version 3944462).
LogModuleManager: Display: Found up-to-date module file ../../../Engine/Plugins/Experimental/AlembicImporter/Binaries/Win64/UE4Editor-AlembicImporter.dll (API version 3944462).
LogModuleManager: Display: Found up-to-date module file ../../../Engine/Plugins/Experimental/AlembicImporter/Binaries/Win64/UE4Editor-AlembicLibrary.dll (API version 3944462).
LogModuleManager: Display: Found up-to-date module file ../../../Engine/Plugins/Experimental/CharacterAI/Binaries/Win64/UE4Editor-CharacterAI.dll (API version 3944462).
LogModuleManager: Display: Found up-to-date module file ../../../Engine/Plugins/Experimental/HTML5Networking/Binaries/Win64/UE4Editor-HTML5Networking.dll (API version 3944462).
LogModuleManager: Display: Found up-to-date module file ../../../Engine/Plugins/Media/AndroidMedia/Binaries/Win64/UE4Editor-AndroidMediaEditor.dll (API version 3944462).
LogModuleManager: Display: Found up-to-date module file ../../../Engine/Plugins/Media/AndroidMedia/Binaries/Win64/UE4Editor-AndroidMediaFactory.dll (API version 3944462).
LogModuleManager: Display: Found up-to-date module file ../../../Engine/Plugins/Media/AvfMedia/Binaries/Win64/UE4Editor-AvfMediaEditor.dll (API version 3944462).
LogModuleManager: Display: Found up-to-date module file ../../../Engine/Plugins/Media/AvfMedia/Binaries/Win64/UE4Editor-AvfMediaFactory.dll (API version 3944462).
LogModuleManager: Display: Found up-to-date module file ../../../Engine/Plugins/Media/AvfMedia/Binaries/Win64/UE4Editor-AvfMediaFactory.dll (API version 3944462).
LogModuleManager: Display: Found up-to-date module file ../../../Engine/Plugins/Media/ImgMedia/Binaries/Win64/UE4Editor-ImgMedia.dll (API version 3944462).
LogModuleManager: Display: Found up-to-date module file ../../../Engine/Plugins/Media/ImgMedia/Binaries/Win64/UE4Editor-ImgMediaEditor.dll (API version 3944462).
LogModuleManager: Display: Found up-to-date module file ../../../Engine/Plugins/Media/ImgMedia/Binaries/Win64/UE4Editor-ImgMediaFactory.dll (API version 3944462).
LogModuleManager: Display: Found up-to-date module file ../../../Engine/Plugins/Media/ImgMedia/Binaries/Win64/UE4Editor-ImgMediaFactory.dll (API version 3944462).
LogModuleManager: Display: Found up-to-date module file ../../../Engine/Plugins/Media/ImgMedia/Binaries/Win64/UE4Editor-OpenExrWrapper.dll (API version 3944462).
LogModuleManager: Display: Found up-to-date module file ../../../Engine/Plugins/Media/LinearTimecode/Binaries/Win64/UE4Editor-LinearTimecode.dll (API version 3944462).
LogModuleManager: Display: Found up-to-date module file ../../../Engine/Plugins/Media/MediaCompositing/Binaries/Win64/UE4Editor-MediaCompositing.dll (API version 3944462).
LogModuleManager: Display: Found up-to-date module file ../../../Engine/Plugins/Media/MediaCompositing/Binaries/Win64/UE4Editor-MediaCompositingEditor.dll (API version 3944462).
LogModuleManager: Display: Found up-to-date module file ../../../Engine/Plugins/Media/MediaPlayerEditor/Binaries/Win64/UE4Editor-MediaPlayerEditor.dll (API version 3944462).
LogModuleManager: Display: Found up-to-date module file ../../../Engine/Plugins/Media/WmfMedia/Binaries/Win64/UE4Editor-WmfMedia.dll (API version 3944462).
LogModuleManager: Display: Found up-to-date module file ../../../Engine/Plugins/Media/WmfMedia/Binaries/Win64/UE4Editor-WmfMediaEditor.dll (API version 3944462).
LogModuleManager: Display: Found up-to-date module file ../../../Engine/Plugins/Media/WmfMedia/Binaries/Win64/UE4Editor-WmfMediaFactory.dll (API version 3944462).
LogModuleManager: Display: Found up-to-date module file ../../../Engine/Plugins/Media/WmfMedia/Binaries/Win64/UE4Editor-WmfMediaFactory.dll (API version 3944462).
LogModuleManager: Display: Found up-to-date module file ../../../Engine/Plugins/Messaging/TcpMessaging/Binaries/Win64/UE4Editor-TcpMessaging.dll (API version 3944462).
LogModuleManager: Display: Found up-to-date module file ../../../Engine/Plugins/Messaging/UdpMessaging/Binaries/Win64/UE4Editor-UdpMessaging.dll (API version 3944462).
LogModuleManager: Display: Found up-to-date module file ../../../Engine/Plugins/MovieScene/ActorSequence/Binaries/Win64/UE4Editor-ActorSequence.dll (API version 3944462).
LogModuleManager: Display: Found up-to-date module file ../../../Engine/Plugins/MovieScene/LevelSequenceEditor/Binaries/Win64/UE4Editor-LevelSequenceEditor.dll (API version 3944462).
LogModuleManager: Display: Found up-to-date module file ../../../Engine/Plugins/MovieScene/MatineeToLevelSequence/Binaries/Win64/UE4Editor-MatineeToLevelSequence.dll (API version 3944462).
LogModuleManager: Display: Found up-to-date module file ../../../Engine/Plugins/NetcodeUnitTest/NetcodeUnitTest/Binaries/Win64/UE4Editor-NetcodeUnitTest.dll (API version 3944462).
LogModuleManager: Display: Found up-to-date module file ../../../Engine/Plugins/NetcodeUnitTest/NUTUnrealEngine4/Binaries/Win64/UE4Editor-NUTUnrealEngine4.dll (API version 3944462).
LogModuleManager: Display: Found up-to-date module file ../../../Engine/Plugins/Online/OnlineSubsystem/Binaries/Win64/UE4Editor-OnlineSubsystem.dll (API version 3944462).
LogModuleManager: Display: Found up-to-date module file ../../../Engine/Plugins/Runtime/AndroidPermission/Binaries/Win64/UE4Editor-AndroidPermission.dll (API version 3944462).
LogModuleManager: Display: Found up-to-date module file ../../../Engine/Plugins/Online/OnlineSubsystemNull/Binaries/Win64/UE4Editor-OnlineSubsystemNull.dll (API version 3944462).
LogModuleManager: Display: Found up-to-date module file ../../../Engine/Plugins/Online/OnlineSubsystemUtils/Binaries/Win64/UE4Editor-OnlineSubsystemUtils.dll (API version 3944462).
LogModuleManager: Display: Found up-to-date module file ../../../Engine/Plugins/Online/OnlineSubsystemUtils/Binaries/Win64/UE4Editor-OnlineBlueprintSupport.dll (API version 3944462).
LogModuleManager: Display: Found up-to-date module file ../../../Engine/Plugins/Runtime/AndroidDeviceProfileSelector/Binaries/Win64/UE4Editor-AndroidDeviceProfileSelector.dll (API version 3944462).
LogModuleManager: Display: Found up-to-date module file ../../../Engine/Plugins/Runtime/AppleARKit/Binaries/Win64/UE4Editor-AppleARKit.dll (API version 3944462).
LogModuleManager: Display: Found up-to-date module file ../../../Engine/Plugins/Runtime/ProceduralMeshComponent/Binaries/Win64/UE4Editor-ProceduralMeshComponent.dll (API version 3944462).
LogModuleManager: Display: Found up-to-date module file ../../../Engine/Plugins/Runtime/ProceduralMeshComponent/Binaries/Win64/UE4Editor-ProceduralMeshComponentEditor.dll (API version 3944462).
LogModuleManager: Display: Found up-to-date module file ../../../Engine/Plugins/Animation/LiveLink/Binaries/Win64/UE4Editor-LiveLink.dll (API version 3944462).
LogModuleManager: Display: Found up-to-date module file ../../../Engine/Plugins/Animation/LiveLink/Binaries/Win64/UE4Editor-LiveLinkEditor.dll (API version 3944462).
LogModuleManager: Display: Found up-to-date module file ../../../Engine/Plugins/Runtime/ArchVisCharacter/Binaries/Win64/UE4Editor-ArchVisCharacter.dll (API version 3944462).
LogModuleManager: Display: Found up-to-date module file ../../../Engine/Plugins/Runtime/AudioCapture/Binaries/Win64/UE4Editor-AudioCapture.dll (API version 3944462).
LogModuleManager: Display: Found up-to-date module file ../../../Engine/Plugins/Runtime/AudioCapture/Binaries/Win64/UE4Editor-AudioCaptureEditor.dll (API version 3944462).
LogModuleManager: Display: Found up-to-date module file ../../../Engine/Plugins/Runtime/CableComponent/Binaries/Win64/UE4Editor-CableComponent.dll (API version 3944462).
LogModuleManager: Display: Found up-to-date module file ../../../Engine/Plugins/Runtime/CustomMeshComponent/Binaries/Win64/UE4Editor-CustomMeshComponent.dll (API version 3944462).
LogModuleManager: Display: Found up-to-date module file ../../../Engine/Plugins/Runtime/ExampleDeviceProfileSelector/Binaries/Win64/UE4Editor-ExampleDeviceProfileSelector.dll (API version 3944462).
LogModuleManager: Display: Found up-to-date module file ../../../Engine/Plugins/Runtime/ImmediatePhysics/Binaries/Win64/UE4Editor-ImmediatePhysics.dll (API version 3944462).
LogModuleManager: Display: Found up-to-date module file ../../../Engine/Plugins/Runtime/ImmediatePhysics/Binaries/Win64/UE4Editor-ImmediatePhysicsEditor.dll (API version 3944462).
LogModuleManager: Display: Found up-to-date module file ../../../Engine/Plugins/Runtime/LocationServicesBPLibrary/Binaries/Win64/UE4Editor-LocationServicesBPLibrary.dll (API version 3944462).
LogModuleManager: Display: Found up-to-date module file ../../../Engine/Plugins/Runtime/MobilePatchingUtils/Binaries/Win64/UE4Editor-MobilePatchingUtils.dll (API version 3944462).
LogModuleManager: Display: Found up-to-date module file ../../../Engine/Plugins/Runtime/Oculus/OculusVR/Binaries/Win64/UE4Editor-OculusHMD.dll (API version 3944462).
LogModuleManager: Display: Found up-to-date module file ../../../Engine/Plugins/Runtime/Oculus/OculusVR/Binaries/Win64/UE4Editor-OculusInput.dll (API version 3944462).
LogModuleManager: Display: Found up-to-date module file ../../../Engine/Plugins/Runtime/Oculus/OculusVR/Binaries/Win64/UE4Editor-OculusEditor.dll (API version 3944462).
LogModuleManager: Display: Found up-to-date module file ../../../Engine/Plugins/Runtime/PhysXVehicles/Binaries/Win64/UE4Editor-PhysXVehicles.dll (API version 3944462).
LogModuleManager: Display: Found up-to-date module file ../../../Engine/Plugins/Runtime/PhysXVehicles/Binaries/Win64/UE4Editor-PhysXVehiclesEditor.dll (API version 3944462).
LogModuleManager: Display: Found up-to-date module file ../../../Engine/Plugins/Runtime/RuntimePhysXCooking/Binaries/Win64/UE4Editor-RuntimePhysXCooking.dll (API version 3944462).
LogModuleManager: Display: Found up-to-date module file ../../../Engine/Plugins/Runtime/Steam/SteamVR/Binaries/Win64/UE4Editor-SteamVR.dll (API version 3944462).
LogModuleManager: Display: Found up-to-date module file ../../../Engine/Plugins/Runtime/Steam/SteamVR/Binaries/Win64/UE4Editor-SteamVRController.dll (API version 3944462).
LogModuleManager: Display: Found up-to-date module file ../../../Engine/Plugins/Runtime/WindowsMoviePlayer/Binaries/Win64/UE4Editor-WindowsMoviePlayer.dll (API version 3944462).
LogPluginManager: Mounting plugin Paper2D
LogPluginManager: Mounting plugin LiveLink
LogPluginManager: Mounting plugin LightPropagationVolume
LogPluginManager: Mounting plugin CLionSourceCodeAccess
LogPluginManager: Mounting plugin CodeLiteSourceCodeAccess
LogPluginManager: Mounting plugin GitSourceControl
LogPluginManager: Mounting plugin KDevelopSourceCodeAccess
LogPluginManager: Mounting plugin NullSourceCodeAccess
LogPluginManager: Mounting plugin PerforceSourceControl
LogPluginManager: Mounting plugin SubversionSourceControl
LogPluginManager: Mounting plugin UObjectPlugin
LogPluginManager: Mounting plugin VisualStudioCodeSourceCodeAccess
LogPluginManager: Mounting plugin VisualStudioSourceCodeAccess
LogPluginManager: Mounting plugin XCodeSourceCodeAccess
LogPluginManager: Mounting plugin AssetManagerEditor
LogPluginManager: Mounting plugin CryptoKeys
LogPluginManager: Mounting plugin DataValidation
LogPluginManager: Mounting plugin FacialAnimation
LogPluginManager: Mounting plugin GameplayTagsEditor
LogPluginManager: Mounting plugin MobileLauncherProfileWizard
LogPluginManager: Mounting plugin PluginBrowser
LogPluginManager: Mounting plugin SpeedTreeImporter
LogPluginManager: Mounting plugin DatasmithContent
LogPluginManager: Mounting plugin AlembicImporter
LogPluginManager: Mounting plugin CharacterAI
LogPluginManager: Mounting plugin HTML5Networking
LogPluginManager: Mounting plugin AndroidMedia
LogPluginManager: Mounting plugin AvfMedia
LogPluginManager: Mounting plugin ImgMedia
LogPluginManager: Mounting plugin LinearTimecode
LogPluginManager: Mounting plugin MediaCompositing
LogPluginManager: Mounting plugin MediaPlayerEditor
LogPluginManager: Mounting plugin WmfMedia
LogPluginManager: Mounting plugin TcpMessaging
LogPluginManager: Mounting plugin UdpMessaging
LogPluginManager: Mounting plugin ActorSequence
LogPluginManager: Mounting plugin LevelSequenceEditor
LogPluginManager: Mounting plugin MatineeToLevelSequence
LogPluginManager: Mounting plugin NetcodeUnitTest
LogPluginManager: Mounting plugin NUTUnrealEngine4
LogPluginManager: Mounting plugin OnlineSubsystemGooglePlay
LogPluginManager: Mounting plugin OnlineSubsystemIOS
LogPluginManager: Mounting plugin OnlineSubsystem
LogPluginManager: Mounting plugin OnlineSubsystemNull
LogPluginManager: Mounting plugin OnlineSubsystemUtils
LogPluginManager: Mounting plugin AndroidDeviceProfileSelector
LogPluginManager: Mounting plugin AndroidMoviePlayer
LogPluginManager: Mounting plugin AndroidPermission
LogPluginManager: Mounting plugin AppleARKit
LogPluginManager: Mounting plugin AppleMoviePlayer
LogPluginManager: Mounting plugin ArchVisCharacter
LogPluginManager: Mounting plugin AudioCapture
LogPluginManager: Mounting plugin CableComponent
LogPluginManager: Mounting plugin CustomMeshComponent
LogPluginManager: Mounting plugin ExampleDeviceProfileSelector
LogPluginManager: Mounting plugin GoogleCloudMessaging
LogPluginManager: Mounting plugin ImmediatePhysics
LogPluginManager: Mounting plugin IOSDeviceProfileSelector
LogPluginManager: Mounting plugin LinuxDeviceProfileSelector
LogPluginManager: Mounting plugin LocationServicesBPLibrary
LogPluginManager: Mounting plugin MobilePatchingUtils
LogPluginManager: Mounting plugin OculusVR
LogPluginManager: Plugin shader directory ../../../Engine/Plugins/Runtime/Oculus/OculusVR/Shaders found
LogPluginManager: Mapping shader source directory ../../../Engine/Plugins/Runtime/Oculus/OculusVR/Shaders to virtual directory /Plugin/OculusVR
LogPluginManager: Mounting plugin PhysXVehicles
LogPluginManager: Mounting plugin ProceduralMeshComponent
LogPluginManager: Mounting plugin RuntimePhysXCooking
LogPluginManager: Mounting plugin SteamVR
LogPluginManager: Mounting plugin WindowsMoviePlayer
LogStreaming: Display: Took  0.751s to configure plugins.
LogInit: Using libcurl 7.47.1
LogInit:  - built for x86_64-pc-win32
LogInit:  - supports SSL with OpenSSL/1.0.2g
LogInit:  - supports HTTP deflate (compression) using libz 1.2.8
LogInit:  - other features:
LogInit:      CURL_VERSION_SSL
LogInit:      CURL_VERSION_LIBZ
LogInit:      CURL_VERSION_IPV6
LogInit:      CURL_VERSION_ASYNCHDNS
LogInit:      CURL_VERSION_LARGEFILE
LogInit:      CURL_VERSION_IDN
LogInit:  CurlRequestOptions (configurable via config and command line):
LogInit:  - bVerifyPeer = false  - Libcurl will NOT verify peer certificate
LogInit:  - bUseHttpProxy = false  - Libcurl will NOT use HTTP proxy
LogInit:  - bDontReuseConnections = false  - Libcurl will reuse connections
LogInit:  - CertBundlePath = nullptr  - Libcurl will use whatever was configured at build time.
LogInit:  - MaxHostConnections = 16  - Libcurl will limit the number of connections to a host
LogInit:  - LocalHostAddr = Default
LogModuleManager: Warning: No filename provided for module OnlineSubsystemLAN
LogModuleManager: Warning: ModuleManager: Unable to load module 'OnlineSubsystemLAN' because the file 'D:/UE_4.19/Engine/Binaries/Win64/' was not found.
LogInit: WinSock: version 1.1 (2.2), MaxSocks=32767, MaxUdp=65467
LogInit: WinSock: I am LAPTOP-H62GT03L (192.168.21.243:0)
LogInit: Build: ++UE4+Release-4.19-CL-4033788
LogInit: Engine Version: 4.19.2-4033788+++UE4+Release-4.19
LogInit: Compatible Engine Version: 4.19.0-3944462+++UE4+Release-4.19
LogInit: Net CL: 3944462
LogDevObjectVersion: Number of dev versions registered: 18
LogDevObjectVersion:   Dev-Blueprints (B0D832E4-1F89-4F0D-ACCF-7EB736FD4AA2): 10
LogDevObjectVersion:   Dev-Build (E1C64328-A22C-4D53-A36C-8E866417BD8C): 0
LogDevObjectVersion:   Dev-Core (375EC13C-06E4-48FB-B500-84F0262A717E): 2
LogDevObjectVersion:   Dev-Editor (E4B068ED-F494-42E9-A231-DA0B2E46BB41): 23
LogDevObjectVersion:   Dev-Framework (CFFC743F-43B0-4480-9391-14DF171D2073): 33
LogDevObjectVersion:   Dev-Mobile (B02B49B5-BB20-44E9-A304-32B752E40360): 2
LogDevObjectVersion:   Dev-Networking (A4E4105C-59A1-49B5-A7C5-40C4547EDFEE): 0
LogDevObjectVersion:   Dev-Online (39C831C9-5AE6-47DC-9A44-9C173E1C8E7C): 0
LogDevObjectVersion:   Dev-Physics (78F01B33-EBEA-4F98-B9B4-84EACCB95AA2): 0
LogDevObjectVersion:   Dev-Platform (6631380F-2D4D-43E0-8009-CF276956A95A): 0
LogDevObjectVersion:   Dev-Rendering (12F88B9F-8875-4AFC-A67C-D90C383ABD29): 25
LogDevObjectVersion:   Dev-Sequencer (7B5AE74C-D270-4C10-A958-57980B212A5A): 6
LogDevObjectVersion:   Dev-VR (D7296918-1DD6-4BDD-9DE2-64A83CC13884): 1
LogDevObjectVersion:   Dev-LoadTimes (C2A15278-BFE7-4AFE-6C17-90FF531DF755): 1
LogDevObjectVersion:   Private-Geometry (6EACA3D4-40EC-4CC1-B786-8BED09428FC5): 2
LogDevObjectVersion:   Dev-AnimPhys (29E575DD-E0A3-4627-9D10-D276232CDCEA): 16
LogDevObjectVersion:   Dev-ReflectionCapture (6B266CEC-1EC7-4B8F-A30B-E4D90942FC07): 1
LogDevObjectVersion:   Dev-Automation (0DF73D61-A23F-47EA-B727-89E90C41499A): 1
LogInit: Compiled (64-bit): Apr 27 2018 02:06:57
LogInit: Compiled with Visual C++: 19.00.24215.01
LogInit: Build Configuration: Development
LogInit: Branch Name: ++UE4+Release-4.19
LogInit: Command Line:  
LogInit: Base Directory: D:/UE_4.19/Engine/Binaries/Win64/
LogInit: Installed Engine Build: 1
LogStreaming: Display: Took  0.001s to delete old logs.
LogInit: Presizing for max 8388607 objects, including 0 objects not considered by GC, pre-allocating 0 bytes for permanent pool.
LogInit: Object subsystem initialized
[2018.07.13-10.45.03:121][  0]LogInit: Selected Device Profile: [Windows]
[2018.07.13-10.45.03:121][  0]LogInit: Applying CVar settings loaded from the selected device profile: [Windows]
[2018.07.13-10.45.03:130][  0]LogInit: Computer: LAPTOP-H62GT03L
[2018.07.13-10.45.03:130][  0]LogInit: User: Emanuele
[2018.07.13-10.45.03:130][  0]LogInit: CPU Page size=4096, Cores=4
[2018.07.13-10.45.03:130][  0]LogInit: High frequency timer resolution =2.742185 MHz
[2018.07.13-10.45.03:130][  0]LogMemory: Memory total: Physical=15.9GB (16GB approx)
[2018.07.13-10.45.03:130][  0]LogMemory: Platform Memory Stats for Windows
[2018.07.13-10.45.03:130][  0]LogMemory: Process Physical Memory: 274.09 MB used, 274.09 MB peak
[2018.07.13-10.45.03:130][  0]LogMemory: Process Virtual Memory: 264.76 MB used, 264.76 MB peak
[2018.07.13-10.45.03:130][  0]LogMemory: Physical Memory: 8024.74 MB used,  8246.05 MB free, 16270.79 MB total
[2018.07.13-10.45.03:130][  0]LogMemory: Virtual Memory: 4794.73 MB used,  8246.05 MB free, 134217728.00 MB total
[2018.07.13-10.45.03:151][  0]LogInit: Using OS detected language (it-IT).
[2018.07.13-10.45.03:151][  0]LogInit: Using OS detected locale (it-IT).
[2018.07.13-10.45.03:155][  0]LogTextLocalizationManager: No localization for 'it-IT' exists, so 'en' will be used for the language.
[2018.07.13-10.45.03:595][  0]LogStreaming: Display: Took  0.444s to EndInitTextLocalization.
[2018.07.13-10.45.03:595][  0]LogInit: Setting process to per monitor DPI aware
[2018.07.13-10.45.03:624][  0]LogSlate: New Slate User Created.  User Index 0, Is Virtual User: 0
[2018.07.13-10.45.03:624][  0]LogSlate: Slate User Registered.  User Index 0, Is Virtual User: 0
[2018.07.13-10.45.03:846][  0]LogD3D11RHI: D3D11 adapters:
[2018.07.13-10.45.03:906][  0]LogD3D11RHI:    0. 'NVIDIA GeForce GTX 1050 Ti' (Feature Level 11_0)
[2018.07.13-10.45.03:906][  0]LogD3D11RHI:       4029/0/8135 MB DedicatedVideo/DedicatedSystem/SharedSystem, Outputs:1, VendorId:0x10de
[2018.07.13-10.45.03:917][  0]LogD3D11RHI:    1. 'Intel(R) HD Graphics 630' (Feature Level 11_0)
[2018.07.13-10.45.03:917][  0]LogD3D11RHI:       128/0/8135 MB DedicatedVideo/DedicatedSystem/SharedSystem, Outputs:0, VendorId:0x8086
[2018.07.13-10.45.03:919][  0]LogD3D11RHI:    2. 'Microsoft Basic Render Driver' (Feature Level 11_0)
[2018.07.13-10.45.03:919][  0]LogD3D11RHI:       0/0/8135 MB DedicatedVideo/DedicatedSystem/SharedSystem, Outputs:0, VendorId:0x1414
[2018.07.13-10.45.03:919][  0]LogD3D11RHI: Chosen D3D11 Adapter: 0
[2018.07.13-10.45.03:937][  0]LogD3D11RHI: Creating new Direct3DDevice
[2018.07.13-10.45.03:937][  0]LogD3D11RHI:     GPU DeviceId: 0x1c8c (for the marketing name, search the web for "GPU Device Id")
[2018.07.13-10.45.03:937][  0]LogWindows: EnumDisplayDevices:
[2018.07.13-10.45.03:937][  0]LogWindows:    0. 'Intel(R) HD Graphics 630' (P:1 D:1)
[2018.07.13-10.45.03:938][  0]LogWindows:    1. 'Intel(R) HD Graphics 630' (P:0 D:0)
[2018.07.13-10.45.03:938][  0]LogWindows:    2. 'Intel(R) HD Graphics 630' (P:0 D:0)
[2018.07.13-10.45.03:938][  0]LogWindows:    3. 'NVIDIA GeForce GTX 1050 Ti' (P:0 D:0)
[2018.07.13-10.45.03:938][  0]LogWindows:    4. 'NVIDIA GeForce GTX 1050 Ti' (P:0 D:0)
[2018.07.13-10.45.03:938][  0]LogWindows:    5. 'NVIDIA GeForce GTX 1050 Ti' (P:0 D:0)
[2018.07.13-10.45.03:938][  0]LogWindows:    6. 'NVIDIA GeForce GTX 1050 Ti' (P:0 D:0)
[2018.07.13-10.45.03:938][  0]LogWindows: DebugString: GetVideoDriverDetailsInvalid PrimaryIsNotTheChoosenAdapter GetVideoDriverDetailsInvalid PrimaryIsNotTheChoosenAdapter GetVideoDriverDetailsInvalid PrimaryIsNotTheChoosenAdapter GetVideoDriverDetailsInvalid PrimaryIsNotTheChoosenAdapter GetVideoDriverDetailsInvalid PrimaryIsNotTheChoosenAdapter GetVideoDriverDetailsInvalid PrimaryIsNotTheChoosenAdapter GetVideoDriverDetailsInvalid PrimaryIsNotTheChoosenAdapter FoundDriverCount:0 
[2018.07.13-10.45.03:938][  0]LogD3D11RHI:     Adapter Name: NVIDIA GeForce GTX 1050 Ti
[2018.07.13-10.45.03:938][  0]LogD3D11RHI:   Driver Version: Unknown (internal:Unknown, unified:Unknown)
[2018.07.13-10.45.03:938][  0]LogD3D11RHI:      Driver Date: Unknown
[2018.07.13-10.45.03:938][  0]LogRHI: Texture pool is 2820 MB (70% of 4029 MB)
[2018.07.13-10.45.03:974][  0]LogD3D11RHI: [Aftermath] Aftermath enabled and primed
[2018.07.13-10.45.03:974][  0]LogD3D11RHI: [Aftermath] Aftermath enabled and primed
[2018.07.13-10.45.03:974][  0]LogD3D11RHI: Async texture creation enabled
[2018.07.13-10.45.03:986][  0]LogD3D11RHI: GPU Timing Frequency: 1000.000000 (Debug: 2 1)
[2018.07.13-10.45.03:988][  0]LogShaderCompilers: Guid format shader working directory is -16 characters bigger than the processId version (C:/Users/Emanuele/Desktop/WC/TheWindowsCleaner/TheWindowsCleaner/Intermediate/Shaders/WorkingDirectory/10804/).
[2018.07.13-10.45.03:988][  0]LogShaderCompilers: Cleaned the shader compiler working directory 'C:/Users/Emanuele/AppData/Local/Temp/UnrealShaderWorkingDir/F5021492473F920C86BD8B8E87760CC7/'.
[2018.07.13-10.45.04:215][  0]LogTemp: Display: Loaded TP AllDesktopTargetPlatform
[2018.07.13-10.45.04:228][  0]LogTemp: Display: Loaded TP MacClientTargetPlatform
[2018.07.13-10.45.04:242][  0]LogTemp: Display: Loaded TP MacNoEditorTargetPlatform
[2018.07.13-10.45.04:257][  0]LogTemp: Display: Loaded TP MacServerTargetPlatform
[2018.07.13-10.45.04:270][  0]LogTemp: Display: Loaded TP MacTargetPlatform
[2018.07.13-10.45.04:283][  0]LogTemp: Display: Loaded TP WindowsClientTargetPlatform
[2018.07.13-10.45.04:297][  0]LogTemp: Display: Loaded TP WindowsNoEditorTargetPlatform
[2018.07.13-10.45.04:311][  0]LogTemp: Display: Loaded TP WindowsServerTargetPlatform
[2018.07.13-10.45.04:317][  0]LogTemp: Display: Loaded TP WindowsTargetPlatform
[2018.07.13-10.45.04:331][  0]LogTemp: Display: Loaded TP Android_ASTCTargetPlatform
[2018.07.13-10.45.04:345][  0]LogTemp: Display: Loaded TP Android_ATCTargetPlatform
[2018.07.13-10.45.04:360][  0]LogTemp: Display: Loaded TP Android_DXTTargetPlatform
[2018.07.13-10.45.04:376][  0]LogTemp: Display: Loaded TP Android_ETC1aTargetPlatform
[2018.07.13-10.45.04:389][  0]LogTemp: Display: Loaded TP Android_ETC1TargetPlatform
[2018.07.13-10.45.04:401][  0]LogTemp: Display: Loaded TP Android_ETC2TargetPlatform
[2018.07.13-10.45.04:427][  0]LogTemp: Display: Loaded TP Android_MultiTargetPlatform
[2018.07.13-10.45.04:427][  0]LogTemp: Display: Loaded TP Android_PVRTCTargetPlatform
[2018.07.13-10.45.04:443][  0]LogTemp: Display: Loaded TP AndroidTargetPlatform
[2018.07.13-10.45.04:445][  0]LogTemp: Display: Loaded TP HTML5TargetPlatform
[2018.07.13-10.45.04:482][  0]LogTemp: Display: Loaded TP IOSTargetPlatform
[2018.07.13-10.45.04:494][  0]LogTemp: Display: Loaded TP TVOSTargetPlatform
[2018.07.13-10.45.04:507][  0]LogTemp: Display: Loaded TP LinuxClientTargetPlatform
[2018.07.13-10.45.04:520][  0]LogTemp: Display: Loaded TP LinuxNoEditorTargetPlatform
[2018.07.13-10.45.04:531][  0]LogTemp: Display: Loaded TP LinuxServerTargetPlatform
[2018.07.13-10.45.04:546][  0]LogTemp: Display: Loaded TP LinuxTargetPlatform
[2018.07.13-10.45.04:546][  0]LogTargetPlatformManager: Display: Building Assets For Windows
[2018.07.13-10.45.04:644][  0]LogXGEController: Cannot use XGE Controller as Incredibuild is not installed on this machine.
[2018.07.13-10.45.04:644][  0]LogShaderCompilers: Cannot use XGE Shader Compiler as Incredibuild is not installed on this machine.
[2018.07.13-10.45.04:644][  0]LogShaderCompilers: Display: Using Local Shader Compiler.
[2018.07.13-10.45.05:337][  0]LogDerivedDataCache: Display: Max Cache Size: 512 MB
[2018.07.13-10.45.05:408][  0]LogDerivedDataCache: Loaded boot cache 0.07s 74MB C:/Users/Emanuele/AppData/Local/UnrealEngine/4.19/DerivedDataCache/Boot.ddc.
[2018.07.13-10.45.05:408][  0]LogDerivedDataCache: Display: Loaded Boot cache: C:/Users/Emanuele/AppData/Local/UnrealEngine/4.19/DerivedDataCache/Boot.ddc
[2018.07.13-10.45.05:408][  0]LogDerivedDataCache: FDerivedDataBackendGraph:  Pak pak cache file C:/Users/Emanuele/Desktop/WC/TheWindowsCleaner/TheWindowsCleaner/DerivedDataCache/DDC.ddp not found, will not use a pak cache.
[2018.07.13-10.45.05:408][  0]LogDerivedDataCache: Unable to find inner node Pak for hierarchical cache Hierarchy.
[2018.07.13-10.45.05:408][  0]LogDerivedDataCache: FDerivedDataBackendGraph:  CompressedPak pak cache file C:/Users/Emanuele/Desktop/WC/TheWindowsCleaner/TheWindowsCleaner/DerivedDataCache/Compressed.ddp not found, will not use a pak cache.
[2018.07.13-10.45.05:408][  0]LogDerivedDataCache: Unable to find inner node CompressedPak for hierarchical cache Hierarchy.
[2018.07.13-10.45.05:425][  0]LogDerivedDataCache: Display: Pak cache opened for reading ../../../Engine/DerivedDataCache/Compressed.ddp.
[2018.07.13-10.45.05:438][  0]LogDerivedDataCache: Using Local data cache path C:/Users/Emanuele/AppData/Local/UnrealEngine/Common/DerivedDataCache: Writable
[2018.07.13-10.45.05:438][  0]LogDerivedDataCache: Shared data cache path not found in *engine.ini, will not use an Shared cache.
[2018.07.13-10.45.05:438][  0]LogDerivedDataCache: Unable to find inner node Shared for hierarchical cache Hierarchy.
[2018.07.13-10.45.05:449][  0]LogMaterial: Verifying Global Shaders for PCD3D_SM5
[2018.07.13-10.45.05:450][  0]LogSlate: Using Freetype 2.6.0
[2018.07.13-10.45.05:450][  0]LogSlate: SlateFontCache - WITH_FREETYPE: 1, WITH_HARFBUZZ: 1
[2018.07.13-10.45.05:450][  0]LogSlate: SlateFontCache - WITH_FREETYPE: 1, WITH_HARFBUZZ: 1
[2018.07.13-10.45.05:568][  0]LogAssetRegistry: FAssetRegistry took 0.0268 seconds to start up
[2018.07.13-10.45.05:901][  0]LogInit: Selected Device Profile: [Windows]
[2018.07.13-10.45.06:051][  0]LogSimplygon: Simplygon DLL not present - disabling.
[2018.07.13-10.45.06:055][  0]LogMeshReduction: Using SimplygonSwarm for distributed automatic mesh merging
[2018.07.13-10.45.06:055][  0]LogMeshReduction: Using QuadricMeshReduction for automatic static mesh reduction
[2018.07.13-10.45.06:055][  0]LogMeshReduction: No automatic skeletal mesh reduction module available
[2018.07.13-10.45.06:055][  0]LogMeshReduction: No automatic mesh merging module available
[2018.07.13-10.45.06:055][  0]LogMeshMerging: No automatic mesh merging module available
[2018.07.13-10.45.06:087][  0]LogNetVersion: TheWindowsCleaner , NetCL: 3944462, EngineNetVer: 2, GameNetVer: 0 (Checksum: 680671117)
[2018.07.13-10.45.06:575][  0]LogPackageLocalizationCache: Processed 9 localized package path(s) for 1 prioritized culture(s) in 0.041772 seconds
[2018.07.13-10.45.06:581][  0]LogUObjectArray: 36728 objects as part of root set at end of initial load.
[2018.07.13-10.45.06:581][  0]LogUObjectAllocator: 7314304 out of 0 bytes used by permanent object pool.
[2018.07.13-10.45.06:581][  0]LogUObjectArray: CloseDisregardForGC: 0/0 objects in disregard for GC pool
[2018.07.13-10.45.08:424][  0]LogTcpMessaging: Initializing TcpMessaging bridge
[2018.07.13-10.45.08:452][  0]LogUdpMessaging: Initializing bridge on interface 0.0.0.0:0 to multicast group 230.0.0.1:6666.
[2018.07.13-10.45.08:815][  0]SourceControl: Source control is disabled
[2018.07.13-10.45.09:721][  0]LogAndroidPermission: UAndroidPermissionCallbackProxy::GetInstance
[2018.07.13-10.45.09:887][  0]LogOcInput: OculusInput pre-init called
[2018.07.13-10.45.10:007][  0]LogEngine: Initializing Engine...
[2018.07.13-10.45.10:009][  0]LogHMD: Failed to initialize OpenVR with code 110
[2018.07.13-10.45.10:011][  0]LogStats: UGameplayTagsManager::ConstructGameplayTagTree: Construct from data asset -  0.000 s
[2018.07.13-10.45.10:011][  0]LogStats: UGameplayTagsManager::ConstructGameplayTagTree: GameplayTagTreeChangedEvent.Broadcast -  0.000 s
[2018.07.13-10.45.10:285][  0]LogAIModule: Creating AISystem for world Untitled
[2018.07.13-10.45.10:323][  0]LogInit: XAudio2 using 'Cassa/Cuffie (Realtek High Definition Audio)' : 2 channels at 48 kHz using 32 bits per sample (channel mask 0x3)
[2018.07.13-10.45.10:355][  0]LogInit: FAudioDevice initialized.
[2018.07.13-10.45.10:405][  0]LogDerivedDataCache: Saved boot cache 0.05s 74MB C:/Users/Emanuele/AppData/Local/UnrealEngine/4.19/DerivedDataCache/Boot.ddc.
[2018.07.13-10.45.10:417][  0]LogInit: Texture streaming: Enabled
[2018.07.13-10.45.10:430][  0]LogEngineSessionManager: EngineSessionManager initialized
[2018.07.13-10.45.10:442][  0]LogInit: Transaction tracking system initialized
[2018.07.13-10.45.10:458][  0]BlueprintLog: New page: Editor Load
[2018.07.13-10.45.10:515][  0]LocalizationService: Localization service is disabled
[2018.07.13-10.45.10:613][  0]LogUObjectGlobals: Created PersistentFrame Addr=0x0000022b88ee0940, Size=88, Default__Landscape_Sculpt_Mode_C Function /Engine/Tutorial/Landscape/Landscape_Sculpt_Mode.Landscape_Sculpt_Mode_C:ExecuteUbergraph_Landscape_Sculpt_Mode
[2018.07.13-10.45.10:615][  0]LogUObjectGlobals: Destroyed PersistentFrame Addr=0x0000022b88ee0940, Size=88
[2018.07.13-10.45.10:615][  0]LogUObjectGlobals: Created PersistentFrame Addr=0x0000022b88ee0940, Size=88, Default__Landscape_Sculpt_Mode_C Function /Engine/Transient.REINST_Landscape_Sculpt_Mode_C_3:ExecuteUbergraph_Landscape_Sculpt_Mode
[2018.07.13-10.45.10:618][  0]LogUObjectGlobals: Created PersistentFrame Addr=0x0000022ba67b7ec0, Size=80, Default__Landscape_Sculpt_Mode_C Function /Engine/Tutorial/Landscape/Landscape_Sculpt_Mode.Landscape_Sculpt_Mode_C:ExecuteUbergraph_Landscape_Sculpt_Mode
[2018.07.13-10.45.10:671][  0]LogConsoleResponse: Display: 
[2018.07.13-10.45.10:836][  0]LogCook: Display: Max memory allowance for cook 16384mb min free memory 0mb
[2018.07.13-10.45.10:836][  0]LogCook: Display: Mobile HDR setting 1
[2018.07.13-10.45.10:836][  0]LogGameplayTags: Display: UGameplayTagsManager::DoneAddingNativeTags. DelegateIsBound: 0
[2018.07.13-10.45.10:836][  0]LogStats: UGameplayTagsManager::ConstructGameplayTagTree: Construct from data asset -  0.000 s
[2018.07.13-10.45.10:836][  0]LogStats: UGameplayTagsManager::ConstructGameplayTagTree: GameplayTagTreeChangedEvent.Broadcast -  0.000 s
[2018.07.13-10.45.11:221][  0]LogFileCache: Scanning file cache for directory 'C:/Users/Emanuele/Desktop/WC/TheWindowsCleaner/TheWindowsCleaner/Content/' took 0.02s
[2018.07.13-10.45.11:258][  0]LogSlate: Took 0.000275 seconds to synchronously load lazily loaded font '../../../Engine/Content/Slate/Fonts/Roboto-Regular.ttf' (155K)
[2018.07.13-10.45.29:339][  0]LogSlate: Window 'Restore Packages' being destroyed
[2018.07.13-10.45.29:339][  0]LogWindowsTextInputMethodSystem: Display: IME system now deactivated.
[2018.07.13-10.45.29:351][  0]LogWindowsTextInputMethodSystem: Display: IME system now deactivated.
[2018.07.13-10.45.29:351][  0]Cmd: MAP LOAD FILE="C:/Users/Emanuele/Desktop/WC/TheWindowsCleaner/TheWindowsCleaner/Content/ThirdPersonBP/Maps/ThirdPersonExampleMap.umap" TEMPLATE=0 SHOWPROGRESS=1 FEATURELEVEL=3
[2018.07.13-10.45.29:352][  0]LightingResults: New page: Lighting Build
[2018.07.13-10.45.29:354][  0]MapCheck: New page: Map Check
[2018.07.13-10.45.29:354][  0]LightingResults: New page: Lighting Build
[2018.07.13-10.45.29:367][  0]LogUObjectGlobals: Destroyed PersistentFrame Addr=0x0000022b88ee0940, Size=88
[2018.07.13-10.45.29:404][  0]LogUObjectGlobals: Created PersistentFrame Addr=0x0000022ba6194fc0, Size=64, Default__ThirdPerson_AnimBP_C Function /Game/Mannequin/Animations/ThirdPerson_AnimBP.ThirdPerson_AnimBP_C:ExecuteUbergraph_ThirdPerson_AnimBP
[2018.07.13-10.45.29:416][  0]LogUObjectGlobals: Destroyed PersistentFrame Addr=0x0000022ba6194fc0, Size=64
[2018.07.13-10.45.29:416][  0]LogUObjectGlobals: Created PersistentFrame Addr=0x0000022ba61bdf80, Size=64, Default__ThirdPerson_AnimBP_C Function /Engine/Transient.REINST_ThirdPerson_AnimBP_C_0:ExecuteUbergraph_ThirdPerson_AnimBP
[2018.07.13-10.45.29:424][  0]LogUObjectGlobals: Created PersistentFrame Addr=0x0000022bb4f1ecf0, Size=72, Default__ThirdPerson_AnimBP_C Function /Game/Mannequin/Animations/ThirdPerson_AnimBP.ThirdPerson_AnimBP_C:ExecuteUbergraph_ThirdPerson_AnimBP
[2018.07.13-10.45.29:466][  0]LogUObjectGlobals: Created PersistentFrame Addr=0x0000022bb4eca840, Size=296, Default__ThirdPersonCharacter_C Function /Game/ThirdPersonBP/Blueprints/ThirdPersonCharacter.ThirdPersonCharacter_C:ExecuteUbergraph_ThirdPersonCharacter
[2018.07.13-10.45.29:471][  0]LogUObjectGlobals: Destroyed PersistentFrame Addr=0x0000022bb4eca840, Size=296
[2018.07.13-10.45.29:471][  0]LogUObjectGlobals: Created PersistentFrame Addr=0x0000022bb4eca840, Size=296, Default__ThirdPersonCharacter_C Function /Engine/Transient.REINST_ThirdPersonCharacter_C_6:ExecuteUbergraph_ThirdPersonCharacter
[2018.07.13-10.45.29:476][  0]LogUObjectGlobals: Created PersistentFrame Addr=0x0000022bb4ec9080, Size=296, Default__ThirdPersonCharacter_C Function /Game/ThirdPersonBP/Blueprints/ThirdPersonCharacter.ThirdPersonCharacter_C:ExecuteUbergraph_ThirdPersonCharacter
[2018.07.13-10.45.29:570][  0]LogUObjectGlobals: Created PersistentFrame Addr=0x0000022bb578f880, Size=320, Default__WCInterface_C Function /Game/WCInterface.WCInterface_C:ExecuteUbergraph_WCInterface
[2018.07.13-10.45.29:573][  0]LogUObjectGlobals: Destroyed PersistentFrame Addr=0x0000022bb578f880, Size=320
[2018.07.13-10.45.29:573][  0]LogUObjectGlobals: Created PersistentFrame Addr=0x0000022bb578f880, Size=320, Default__WCInterface_C Function /Engine/Transient.REINST_WCInterface_C_10:ExecuteUbergraph_WCInterface
[2018.07.13-10.45.29:579][  0]LogUObjectGlobals: Created PersistentFrame Addr=0x0000022bb578d580, Size=320, Default__WCInterface_C Function /Game/WCInterface.WCInterface_C:ExecuteUbergraph_WCInterface
[2018.07.13-10.45.29:583][  0]LogUObjectGlobals: Created PersistentFrame Addr=0x0000022bb5766de0, Size=80, Default__Menu_C Function /Game/ThirdPersonBP/OnlineRoom/Menu.Menu_C:ExecuteUbergraph_Menu
[2018.07.13-10.45.29:587][  0]LogUObjectGlobals: Destroyed PersistentFrame Addr=0x0000022bb5766de0, Size=80
[2018.07.13-10.45.29:587][  0]LogUObjectGlobals: Created PersistentFrame Addr=0x0000022bb5764950, Size=80, Default__Menu_C Function /Engine/Transient.REINST_Menu_C_0:ExecuteUbergraph_Menu
[2018.07.13-10.45.29:589][  0]LogUObjectGlobals: Created PersistentFrame Addr=0x0000022bb571af20, Size=80, Default__Menu_C Function /Game/ThirdPersonBP/OnlineRoom/Menu.Menu_C:ExecuteUbergraph_Menu
[2018.07.13-10.45.29:593][  0]LogUObjectGlobals: Created PersistentFrame Addr=0x0000022bb571bc90, Size=72, Default__ThirdPersonExampleMap_C Function /Game/ThirdPersonBP/Maps/ThirdPersonExampleMap.ThirdPersonExampleMap_C:ExecuteUbergraph_ThirdPersonExampleMap
[2018.07.13-10.45.29:597][  0]LogUObjectGlobals: Destroyed PersistentFrame Addr=0x0000022bb571bc90, Size=72
[2018.07.13-10.45.29:597][  0]LogUObjectGlobals: Created PersistentFrame Addr=0x0000022bb571a890, Size=72, Default__ThirdPersonExampleMap_C Function /Engine/Transient.REINST_ThirdPersonExampleMap_C_13:ExecuteUbergraph_ThirdPersonExampleMap
[2018.07.13-10.45.29:599][  0]LogUObjectGlobals: Created PersistentFrame Addr=0x0000022bb5719850, Size=72, Default__ThirdPersonExampleMap_C Function /Game/ThirdPersonBP/Maps/ThirdPersonExampleMap.ThirdPersonExampleMap_C:ExecuteUbergraph_ThirdPersonExampleMap
[2018.07.13-10.45.29:713][  0]LogSkeletalMesh: Skeletal Mesh found in DDC [11.701982ms] /Game/Mannequin/Character/Mesh/SK_Mannequin.SK_Mannequin
[2018.07.13-10.45.29:786][  0]LogAIModule: Creating AISystem for world ThirdPersonExampleMap
[2018.07.13-10.45.29:797][  0]LogEditorServer: Finished looking for orphan Actors (0.000 secs)
[2018.07.13-10.45.29:812][  0]LogUObjectGlobals: Destroyed PersistentFrame Addr=0x0000022ba61bdf80, Size=64
[2018.07.13-10.45.29:813][  0]LogUObjectGlobals: Destroyed PersistentFrame Addr=0x0000022bb4eca840, Size=296
[2018.07.13-10.45.29:813][  0]LogUObjectGlobals: Destroyed PersistentFrame Addr=0x0000022bb578f880, Size=320
[2018.07.13-10.45.29:813][  0]LogUObjectGlobals: Destroyed PersistentFrame Addr=0x0000022bb5764950, Size=80
[2018.07.13-10.45.29:813][  0]LogUObjectGlobals: Destroyed PersistentFrame Addr=0x0000022bb571a890, Size=72
[2018.07.13-10.45.29:814][  0]Cmd: MAP CHECKDEP NOCLEARLOG
[2018.07.13-10.45.29:867][  0]MapCheck: Map check complete: 0 Error(s), 0 Warning(s), took 52,013ms to complete.
[2018.07.13-10.45.29:867][  0]LogFileHelpers: Loading map 'ThirdPersonExampleMap' took 0.515
[2018.07.13-10.45.29:948][  0]LogStats: Warning: MetaData mismatch. Did you assign a stat to two groups? New //STATGROUP_Threads//SplashScreenThread///Thread_12ac_0///####STATCAT_Advanced#### old //STATGROUP_Threads//SplashScreenThread///Thread_41d8_0///####STATCAT_Advanced####
[2018.07.13-10.45.29:948][  0]LogCollectionManager: Loaded 0 collections in 0.001208 seconds
[2018.07.13-10.45.29:990][  0]LogFileCache: Scanning file cache for directory 'C:/Users/Emanuele/Desktop/WC/TheWindowsCleaner/TheWindowsCleaner/Saved/Collections/' took 0.01s
[2018.07.13-10.45.29:990][  0]LogFileCache: Scanning file cache for directory 'C:/Users/Emanuele/Desktop/WC/TheWindowsCleaner/TheWindowsCleaner/Content/Developers/Emanuele/Collections/' took 0.01s
[2018.07.13-10.45.29:990][  0]LogFileCache: Scanning file cache for directory 'C:/Users/Emanuele/Desktop/WC/TheWindowsCleaner/TheWindowsCleaner/Content/Collections/' took 0.01s
[2018.07.13-10.45.29:990][  0]LogCollectionManager: Rebuilt the GUID cache for 0 collections in 0.000000 seconds
[2018.07.13-10.45.30:002][  0]LogContentBrowser: Native class hierarchy populated in 0.0122 seconds. Added 2452 classes and 558 folders.
[2018.07.13-10.45.30:007][  0]LogContentBrowser: Native class hierarchy updated for 'WidgetCarousel' in 0.0002 seconds. Added 0 classes and 0 folders.
[2018.07.13-10.45.30:050][  0]LogContentBrowser: Native class hierarchy updated for 'AddContentDialog' in 0.0003 seconds. Added 0 classes and 0 folders.
[2018.07.13-10.45.30:055][  0]LogContentBrowser: Native class hierarchy updated for 'SceneOutliner' in 0.0003 seconds. Added 1 classes and 2 folders.
[2018.07.13-10.45.30:105][  0]LogContentBrowser: Native class hierarchy updated for 'HierarchicalLODOutliner' in 0.0002 seconds. Added 0 classes and 0 folders.
[2018.07.13-10.45.30:105][  0]LogLoad: (Engine Initialization) Total time: 28.98 seconds
[2018.07.13-10.45.30:105][  0]LogLoad: (Engine Initialization) Total Blueprint compile time: 0.00 seconds
[2018.07.13-10.45.30:141][  0]LogContentStreaming: Texture pool size now 1000 MB
[2018.07.13-10.45.30:144][  0]LogSlate: Took 0.000215 seconds to synchronously load lazily loaded font '../../../Engine/Content/Slate/Fonts/Roboto-Bold.ttf' (160K)
[2018.07.13-10.45.30:148][  0]LogSlate: Took 0.000165 seconds to synchronously load lazily loaded font '../../../Engine/Content/Editor/Slate/Fonts/FontAwesome.ttf' (139K)
[2018.07.13-10.45.30:240][  0]LogSlate: Took 0.000140 seconds to synchronously load lazily loaded font '../../../Engine/Content/Slate/Fonts/Roboto-Light.ttf' (167K)
[2018.07.13-10.45.30:274][  1]LogAssetRegistry: Asset discovery search completed in 24.7286 seconds
[2018.07.13-10.45.30:277][  1]LogCollectionManager: Rebuilt the object cache for 0 collections in 0.000000 seconds (found 0 objects)
[2018.07.13-10.45.30:277][  1]LogCollectionManager: Fixed up redirectors for 0 collections in 0.000083 seconds (updated 0 objects)
[2018.07.13-10.45.30:304][  1]LogRenderer: Reallocating scene render targets to support 724x408 Format 10 NumSamples 1 (Frame:1).
[2018.07.13-10.45.34:616][246]LogSlate: FSceneViewport::OnFocusLost() reason 2
[2018.07.13-10.45.36:208][341]LogTemp: Repeating last play command: Selected Viewport
[2018.07.13-10.45.36:218][341]LogBlueprintUserMessages: Early PlayInEditor Detection: Level '/Game/ThirdPersonBP/Maps/ThirdPersonExampleMap.ThirdPersonExampleMap:PersistentLevel' has LevelScriptBlueprint '/Game/ThirdPersonBP/Maps/ThirdPersonExampleMap.ThirdPersonExampleMap:PersistentLevel.ThirdPersonExampleMap' with GeneratedClass '/Game/ThirdPersonBP/Maps/ThirdPersonExampleMap.ThirdPersonExampleMap_C' with ClassGeneratedBy '/Game/ThirdPersonBP/Maps/ThirdPersonExampleMap.ThirdPersonExampleMap:PersistentLevel.ThirdPersonExampleMap'
[2018.07.13-10.45.36:218][341]LogPlayLevel: PlayLevel: No blueprints needed recompiling
[2018.07.13-10.45.36:219][341]LogOnline: Display: OSS: FOnlineSubsystemNull::Shutdown()
[2018.07.13-10.45.36:219][341]LogOnline: Display: OSS: FOnlineAsyncTaskManager::Stop() ActiveTask:0000000000000000 Tasks[0/0]
[2018.07.13-10.45.36:219][341]LogOnline: Display: OSS: FOnlineAsyncTaskManager::Exit() started
[2018.07.13-10.45.36:219][341]LogOnline: Display: OSS: FOnlineAsyncTaskManager::Exit() finished
[2018.07.13-10.45.36:219][341]LogModuleManager: Warning: No filename provided for module OnlineSubsystemLAN
[2018.07.13-10.45.36:219][341]LogModuleManager: Warning: ModuleManager: Unable to load module 'OnlineSubsystemLAN' because the file 'D:/UE_4.19/Engine/Binaries/Win64/' was not found.
[2018.07.13-10.45.36:232][341]PIE: New page: PIE session: ThirdPersonExampleMap (13/lug/2018 14:45:36)
[2018.07.13-10.45.36:233][341]LogPlayLevel: Creating play world package: /Game/ThirdPersonBP/Maps/UEDPIE_1_ThirdPersonExampleMap
[2018.07.13-10.45.36:255][341]LogPlayLevel: PIE: StaticDuplicateObject took: (0.021780s)
[2018.07.13-10.45.36:255][341]LogAIModule: Creating AISystem for world ThirdPersonExampleMap
[2018.07.13-10.45.36:256][341]LogPlayLevel: PIE: World Init took: (0.000883s)
[2018.07.13-10.45.36:256][341]LogPlayLevel: PIE: Created PIE world by copying editor world from /Game/ThirdPersonBP/Maps/ThirdPersonExampleMap.ThirdPersonExampleMap to /Game/ThirdPersonBP/Maps/UEDPIE_1_ThirdPersonExampleMap.ThirdPersonExampleMap (0.022832s)
[2018.07.13-10.45.36:270][341]LogInit: XAudio2 using 'Cassa/Cuffie (Realtek High Definition Audio)' : 2 channels at 48 kHz using 32 bits per sample (channel mask 0x3)
[2018.07.13-10.45.36:298][341]LogInit: FAudioDevice initialized.
[2018.07.13-10.45.36:298][341]LogSlate: FSceneViewport::OnFocusLost() reason 2
[2018.07.13-10.45.36:343][341]LogLoad: Game class is 'ThirdPersonGameMode_C'
[2018.07.13-10.45.36:346][341]LogWorld: Bringing World /Game/ThirdPersonBP/Maps/UEDPIE_1_ThirdPersonExampleMap.ThirdPersonExampleMap up for play (max tick rate 60) at 2018.07.13-12.45.36
[2018.07.13-10.45.36:346][341]LogWorld: Bringing up level for play took: 0.001695
[2018.07.13-10.45.36:361][341]LogContentBrowser: Native class hierarchy updated for 'MovieSceneCapture' in 0.0002 seconds. Added 11 classes and 0 folders.
[2018.07.13-10.45.36:362][341]LogTemp: Display: ParseSettings for GameNetDriver
[2018.07.13-10.45.36:362][341]LogTemp: Display: ParseSettings for IpNetDriver_0
[2018.07.13-10.45.36:362][341]LogTemp: Display: ParseSettings for GameNetDriver
[2018.07.13-10.45.36:362][341]LogInit: WinSock: Socket queue 131072 / 131072
[2018.07.13-10.45.36:362][341]PacketHandlerLog: Loaded PacketHandler component: Engine.EngineHandlerComponentFactory (StatelessConnectHandlerComponent)
[2018.07.13-10.45.36:362][341]LogNet: GameNetDriver IpNetDriver_0 IpNetDriver listening on port 17777
[2018.07.13-10.45.36:363][341]PIE: Play in editor start time for /Game/ThirdPersonBP/Maps/UEDPIE_1_ThirdPersonExampleMap 0,246
[2018.07.13-10.45.36:364][341]PIE: New page: PIE session: ThirdPersonExampleMap (13/lug/2018 14:45:36)
[2018.07.13-10.45.36:371][341]LogSlate: FSceneViewport::OnFocusLost() reason 2
[2018.07.13-10.45.36:450][341]LogNet: Browse: 127.0.0.1:17777//Game/ThirdPersonBP/Maps/ThirdPersonExampleMap
[2018.07.13-10.45.36:451][341]LogTemp: Display: ParseSettings for GameNetDriver
[2018.07.13-10.45.36:451][341]LogTemp: Display: ParseSettings for IpNetDriver_1
[2018.07.13-10.45.36:451][341]LogTemp: Display: ParseSettings for PendingNetDriver
[2018.07.13-10.45.36:451][341]LogInit: WinSock: Socket queue 32768 / 32768
[2018.07.13-10.45.36:451][341]PacketHandlerLog: Loaded PacketHandler component: Engine.EngineHandlerComponentFactory (StatelessConnectHandlerComponent)
[2018.07.13-10.45.36:451][341]LogNet: Game client on port 17777, rate 10000
[2018.07.13-10.45.36:454][341]PIE: Play in editor start time for /Game/ThirdPersonBP/Maps/ThirdPersonExampleMap 0,337
[2018.07.13-10.45.36:463][341]LogBlueprintUserMessages: Late PlayInEditor Detection: Level '/Game/ThirdPersonBP/Maps/ThirdPersonExampleMap.ThirdPersonExampleMap:PersistentLevel' has LevelScriptBlueprint '/Game/ThirdPersonBP/Maps/ThirdPersonExampleMap.ThirdPersonExampleMap:PersistentLevel.ThirdPersonExampleMap' with GeneratedClass '/Game/ThirdPersonBP/Maps/ThirdPersonExampleMap.ThirdPersonExampleMap_C' with ClassGeneratedBy '/Game/ThirdPersonBP/Maps/ThirdPersonExampleMap.ThirdPersonExampleMap:PersistentLevel.ThirdPersonExampleMap'
[2018.07.13-10.45.36:464][341]LogNet: NotifyAcceptingConnection accepted from: 127.0.0.1:50550
[2018.07.13-10.45.36:464][341]LogHandshake: SendConnectChallenge. Timestamp: 0.016667, Cookie: 250219128073220009098059205049190151126106000169117091237128
[2018.07.13-10.45.36:467][341]LogHandshake: SendChallengeResponse. Timestamp: 0.016667, Cookie: 250219128073220009098059205049190151126106000169117091237128
[2018.07.13-10.45.36:531][342]LogNet: NotifyAcceptingConnection accepted from: 127.0.0.1:50550
[2018.07.13-10.45.36:531][342]LogHandshake: SendChallengeAck. InCookie: 250219128073220009098059205049190151126106000169117091237128
[2018.07.13-10.45.36:531][342]LogNet: Server accepting post-challenge connection from: 127.0.0.1:50550
[2018.07.13-10.45.36:532][342]PacketHandlerLog: Loaded PacketHandler component: Engine.EngineHandlerComponentFactory (StatelessConnectHandlerComponent)
[2018.07.13-10.45.36:532][342]LogNet: NotifyAcceptedConnection: Name: ThirdPersonExampleMap, TimeStamp: 07/13/18 12:45:36, [UNetConnection] RemoteAddr: 127.0.0.1:50550, Name: IpConnection_1, Driver: GameNetDriver IpNetDriver_0, IsServer: YES, PC: NULL, Owner: NULL, UniqueId: INVALID
[2018.07.13-10.45.36:532][342]LogNet: AddClientConnection: Added client connection: [UNetConnection] RemoteAddr: 127.0.0.1:50550, Name: IpConnection_1, Driver: GameNetDriver IpNetDriver_0, IsServer: YES, PC: NULL, Owner: NULL, UniqueId: INVALID
[2018.07.13-10.45.36:532][342]LogNetVersion: TheWindowsCleaner 1.0.0.0, NetCL: 3944462, EngineNetVer: 2, GameNetVer: 0 (Checksum: 430140269)
[2018.07.13-10.45.36:532][342]LogNet: UPendingNetGame::SendInitialJoin: Sending hello. [UNetConnection] RemoteAddr: 127.0.0.1:17777, Name: IpConnection_0, Driver: PendingNetDriver IpNetDriver_1, IsServer: NO, PC: NULL, Owner: NULL, UniqueId: INVALID
[2018.07.13-10.45.36:548][343]LogNet: NotifyAcceptingChannel Control 0 server World /Game/ThirdPersonBP/Maps/UEDPIE_1_ThirdPersonExampleMap.ThirdPersonExampleMap: Accepted
[2018.07.13-10.45.36:548][343]LogNet: Remote platform little endian=1
[2018.07.13-10.45.36:548][343]LogNet: This platform little endian=1
[2018.07.13-10.45.36:567][344]LogNet: Login request: /Game/ThirdPersonBP/Maps/ThirdPersonExampleMap?Name=LAPTOP-H62GT03L-C740D77B4E6D27C78B4C0CB5930A208A userId: LAPTOP-H62GT03L-C740D77B4E6D27C78B4C0CB5930A208A
[2018.07.13-10.45.36:567][344]LogNet: Welcomed by server (Level: /Game/ThirdPersonBP/Maps/UEDPIE_1_ThirdPersonExampleMap, Game: /Game/ThirdPersonBP/Blueprints/ThirdPersonGameMode.ThirdPersonGameMode_C)
[2018.07.13-10.45.36:567][344]LogLoad: LoadMap: 127.0.0.1:17777//Game/ThirdPersonBP/Maps/UEDPIE_1_ThirdPersonExampleMap?game=/Game/ThirdPersonBP/Blueprints/ThirdPersonGameMode.ThirdPersonGameMode_C
[2018.07.13-10.45.36:598][344]LogAIModule: Creating AISystem for world ThirdPersonExampleMap
[2018.07.13-10.45.36:598][344]LogTemp: Display: ParseSettings for GameNetDriver
[2018.07.13-10.45.36:601][344]LogWorld: Bringing World /Game/ThirdPersonBP/Maps/UEDPIE_2_ThirdPersonExampleMap.ThirdPersonExampleMap up for play (max tick rate 60) at 2018.07.13-12.45.36
[2018.07.13-10.45.36:601][344]LogWorld: Bringing up level for play took: 0.001516
[2018.07.13-10.45.36:601][344]LogLoad: Took 0.033632 seconds to LoadMap(/Game/ThirdPersonBP/Maps/UEDPIE_1_ThirdPersonExampleMap)
[2018.07.13-10.45.36:620][345]LogNet: Client netspeed is 10000
[2018.07.13-10.45.36:620][345]LogNet: Join request: /Game/ThirdPersonBP/Maps/ThirdPersonExampleMap?Name=LAPTOP-H62GT03L-C740D77B4E6D27C78B4C0CB5930A208A?SplitscreenCount=1
[2018.07.13-10.45.36:621][345]LogOnline: Warning: OSS: No game present to join for session (GameSession)
[2018.07.13-10.45.36:623][345]LogNet: Join succeeded: LAPTOP-H62GT03L-C740
[2018.07.13-10.45.36:635][346]LogRenderer: Reallocating scene render targets to support 1016x544 Format 10 NumSamples 1 (Frame:1).
[2018.07.13-10.45.36:674][347]LogOnline: Warning: OSS: No game present to join for session (GameSession)
[2018.07.13-10.45.36:712][349]LogOnline: Warning: OSS: No game present to join for session (GameSession)
[2018.07.13-10.45.45:204][857]LogBlueprintUserMessages: Early EndPlayMap Detection: Level '/Game/ThirdPersonBP/Maps/ThirdPersonExampleMap.ThirdPersonExampleMap:PersistentLevel' has LevelScriptBlueprint '/Game/ThirdPersonBP/Maps/ThirdPersonExampleMap.ThirdPersonExampleMap:PersistentLevel.ThirdPersonExampleMap' with GeneratedClass '/Game/ThirdPersonBP/Maps/ThirdPersonExampleMap.ThirdPersonExampleMap_C' with ClassGeneratedBy '/Game/ThirdPersonBP/Maps/ThirdPersonExampleMap.ThirdPersonExampleMap:PersistentLevel.ThirdPersonExampleMap'
[2018.07.13-10.45.45:214][857]LogSlate: Window 'TheWindowsCleaner Game Preview Client 1 (64-bit/PCD3D_SM5)' being destroyed
[2018.07.13-10.45.45:245][857]LogOnline: Display: OSS: FOnlineSubsystemNull::Shutdown()
[2018.07.13-10.45.45:245][857]LogOnline: Display: OSS: FOnlineAsyncTaskManager::Stop() ActiveTask:0000000000000000 Tasks[0/0]
[2018.07.13-10.45.45:246][857]LogOnline: Display: OSS: FOnlineAsyncTaskManager::Exit() started
[2018.07.13-10.45.45:246][857]LogOnline: Display: OSS: FOnlineAsyncTaskManager::Exit() finished
[2018.07.13-10.45.45:246][857]LogOnline: Warning: OSS: No game present to leave for session (GameSession)
[2018.07.13-10.45.45:279][857]LogOnline: Display: OSS: FOnlineSubsystemNull::Shutdown()
[2018.07.13-10.45.45:279][857]LogOnline: Display: OSS: FOnlineAsyncTaskManager::Stop() ActiveTask:0000000000000000 Tasks[0/0]
[2018.07.13-10.45.45:280][857]LogOnline: Display: OSS: FOnlineAsyncTaskManager::Exit() started
[2018.07.13-10.45.45:280][857]LogOnline: Display: OSS: FOnlineAsyncTaskManager::Exit() finished
[2018.07.13-10.45.45:280][857]LogPlayLevel: Display: Shutting down PIE online subsystems
[2018.07.13-10.45.45:280][857]LogBlueprintUserMessages: Late EndPlayMap Detection: Level '/Game/ThirdPersonBP/Maps/ThirdPersonExampleMap.ThirdPersonExampleMap:PersistentLevel' has LevelScriptBlueprint '/Game/ThirdPersonBP/Maps/ThirdPersonExampleMap.ThirdPersonExampleMap:PersistentLevel.ThirdPersonExampleMap' with GeneratedClass '/Game/ThirdPersonBP/Maps/ThirdPersonExampleMap.ThirdPersonExampleMap_C' with ClassGeneratedBy '/Game/ThirdPersonBP/Maps/ThirdPersonExampleMap.ThirdPersonExampleMap:PersistentLevel.ThirdPersonExampleMap'
[2018.07.13-10.45.45:291][857]LogNet: UChannel::CleanUp: ChIndex == 0. Closing connection. [UChannel] ChIndex: 0, Closing: 0 [UNetConnection] RemoteAddr: 127.0.0.1:50550, Name: IpConnection_1, Driver: GameNetDriver IpNetDriver_0, IsServer: YES, PC: None, Owner: None, UniqueId: LAPTOP-H62GT03L-C740D77B4E6D27C78B4C0CB5930A208A
[2018.07.13-10.45.45:291][857]LogNet: UNetConnection::Close: [UNetConnection] RemoteAddr: 127.0.0.1:50550, Name: IpConnection_1, Driver: GameNetDriver IpNetDriver_0, IsServer: YES, PC: None, Owner: None, UniqueId: LAPTOP-H62GT03L-C740D77B4E6D27C78B4C0CB5930A208A, Channels: 2, Time: 2018.07.13-10.45.45
[2018.07.13-10.45.45:291][857]LogNet: UChannel::Close: Sending CloseBunch. ChIndex == 0. Name: [UChannel] ChIndex: 0, Closing: 0 [UNetConnection] RemoteAddr: 127.0.0.1:50550, Name: IpConnection_1, Driver: GameNetDriver IpNetDriver_0, IsServer: YES, PC: None, Owner: None, UniqueId: LAPTOP-H62GT03L-C740D77B4E6D27C78B4C0CB5930A208A
[2018.07.13-10.45.45:291][857]LogNet: UChannel::CleanUp: ChIndex == 0. Closing connection. [UChannel] ChIndex: 0, Closing: 0 [UNetConnection] RemoteAddr: 127.0.0.1:17777, Name: IpConnection_0, Driver: GameNetDriver IpNetDriver_1, IsServer: NO, PC: None, Owner: None, UniqueId: LAPTOP-H62GT03L-C740D77B4E6D27C78B4C0CB5930A208A
[2018.07.13-10.45.45:291][857]LogNet: UNetConnection::Close: [UNetConnection] RemoteAddr: 127.0.0.1:17777, Name: IpConnection_0, Driver: GameNetDriver IpNetDriver_1, IsServer: NO, PC: None, Owner: None, UniqueId: LAPTOP-H62GT03L-C740D77B4E6D27C78B4C0CB5930A208A, Channels: 2, Time: 2018.07.13-10.45.45
[2018.07.13-10.45.45:291][857]LogNet: UChannel::Close: Sending CloseBunch. ChIndex == 0. Name: [UChannel] ChIndex: 0, Closing: 0 [UNetConnection] RemoteAddr: 127.0.0.1:17777, Name: IpConnection_0, Driver: GameNetDriver IpNetDriver_1, IsServer: NO, PC: None, Owner: None, UniqueId: LAPTOP-H62GT03L-C740D77B4E6D27C78B4C0CB5930A208A
[2018.07.13-10.45.45:295][857]LogExit: GameNetDriver None shut down
[2018.07.13-10.45.45:296][857]LogExit: GameNetDriver None shut down
[2018.07.13-10.45.45:347][858]LogPlayLevel: Display: Destroying online subsystem :Context_2
[2018.07.13-10.45.45:347][858]LogOnline: Display: OSS: FOnlineSubsystemNull::Shutdown()
[2018.07.13-10.45.45:347][858]LogPlayLevel: Display: Destroying online subsystem :Context_1
[2018.07.13-10.45.45:347][858]LogOnline: Display: OSS: FOnlineSubsystemNull::Shutdown()
[2018.07.13-10.45.49:489][ 48]LogSlate: FSceneViewport::OnFocusLost() reason 0
[2018.07.13-10.45.49:649][ 55]LogSlate: Window 'TheWindowsCleaner - Unreal Editor' being destroyed
[2018.07.13-10.45.49:650][ 55]LogWindowsTextInputMethodSystem: Display: IME system now deactivated.
[2018.07.13-10.45.49:839][ 56]Cmd: QUIT_EDITOR
[2018.07.13-10.45.50:389][ 56]LogSlate: Slate User Destroyed.  User Index 0, Is Virtual User: 0
[2018.07.13-10.45.50:389][ 56]LogExit: Preparing to exit.
[2018.07.13-10.45.51:511][ 56]LogExit: Editor shut down
[2018.07.13-10.45.51:512][ 56]LogExit: Transaction tracking system shut down
[2018.07.13-10.45.51:512][ 56]LogUObjectGlobals: Destroyed PersistentFrame Addr=0x0000022ba67b7ec0, Size=80
[2018.07.13-10.45.51:512][ 56]LogUObjectGlobals: Destroyed PersistentFrame Addr=0x0000022bb4f1ecf0, Size=72
[2018.07.13-10.45.51:513][ 56]LogUObjectGlobals: Destroyed PersistentFrame Addr=0x0000022bb4ec9080, Size=296
[2018.07.13-10.45.51:513][ 56]LogUObjectGlobals: Destroyed PersistentFrame Addr=0x0000022bb578d580, Size=320
[2018.07.13-10.45.51:513][ 56]LogUObjectGlobals: Destroyed PersistentFrame Addr=0x0000022bb571af20, Size=80
[2018.07.13-10.45.51:513][ 56]LogUObjectGlobals: Destroyed PersistentFrame Addr=0x0000022bb5719850, Size=72
[2018.07.13-10.45.51:720][ 56]LogDirectoryWatcher: A directory notification for '../../../Engine/Content/' was aborted.
[2018.07.13-10.45.51:720][ 56]LogDirectoryWatcher: A directory notification for 'C:/Users/Emanuele/Desktop/WC/TheWindowsCleaner/TheWindowsCleaner/Content/' was aborted.
[2018.07.13-10.45.51:720][ 56]LogDirectoryWatcher: A directory notification for '../../Plugins/2D/Paper2D/Content/' was aborted.
[2018.07.13-10.45.51:720][ 56]LogDirectoryWatcher: A directory notification for '../../Plugins/Enterprise/DatasmithContent/Content/' was aborted.
[2018.07.13-10.45.51:720][ 56]LogDirectoryWatcher: A directory notification for '../../Plugins/Media/MediaCompositing/Content/' was aborted.
[2018.07.13-10.45.51:720][ 56]LogDirectoryWatcher: A directory notification for '../../Plugins/Runtime/AppleARKit/Content/' was aborted.
[2018.07.13-10.45.51:720][ 56]LogDirectoryWatcher: A directory notification for '../../Plugins/Runtime/Oculus/OculusVR/Content/' was aborted.
[2018.07.13-10.45.51:720][ 56]LogDirectoryWatcher: A directory notification for '../../Plugins/Runtime/Steam/SteamVR/Content/' was aborted.
[2018.07.13-10.45.51:766][ 56]LogExit: Object subsystem successfully closed.
[2018.07.13-10.45.51:789][ 56]LogShaderCompilers: Display: Shaders left to compile 0
[2018.07.13-10.45.51:792][ 56]LogD3D11RHI: Shutdown
[2018.07.13-10.45.51:792][ 56]LogD3D11RHI: CleanupD3DDevice
[2018.07.13-10.45.51:793][ 56]LogD3D11RHI: ~FD3D11DynamicRHI
[2018.07.13-10.45.51:801][ 56]LogModuleManager: Shutting down and abandoning module MovieSceneCapture (579)
[2018.07.13-10.45.51:801][ 56]LogModuleManager: Shutting down and abandoning module Voice (577)
[2018.07.13-10.45.51:801][ 56]LogModuleManager: Shutting down and abandoning module HierarchicalLODOutliner (575)
[2018.07.13-10.45.51:801][ 56]LogModuleManager: Shutting down and abandoning module SceneOutliner (573)
[2018.07.13-10.45.51:801][ 56]LogModuleManager: Shutting down and abandoning module AddContentDialog (571)
[2018.07.13-10.45.51:801][ 56]LogDirectoryWatcher: A directory notification for 'D:/UE_4.19/FeaturePacks/' was aborted.
[2018.07.13-10.45.51:803][ 56]LogModuleManager: Shutting down and abandoning module WidgetCarousel (570)
[2018.07.13-10.45.51:803][ 56]LogModuleManager: Shutting down and abandoning module EditorWidgets (567)
[2018.07.13-10.45.51:803][ 56]LogModuleManager: Shutting down and abandoning module CollectionManager (565)
[2018.07.13-10.45.51:803][ 56]LogDirectoryWatcher: A directory notification for 'C:/Users/Emanuele/Desktop/WC/TheWindowsCleaner/TheWindowsCleaner/Content/Collections/' was aborted.
[2018.07.13-10.45.51:803][ 56]LogDirectoryWatcher: A directory notification for 'C:/Users/Emanuele/Desktop/WC/TheWindowsCleaner/TheWindowsCleaner/Content/Developers/Emanuele/Collections/' was aborted.
[2018.07.13-10.45.51:803][ 56]LogDirectoryWatcher: A directory notification for 'C:/Users/Emanuele/Desktop/WC/TheWindowsCleaner/TheWindowsCleaner/Saved/Collections/' was aborted.
[2018.07.13-10.45.51:803][ 56]LogModuleManager: Shutting down and abandoning module StatsViewer (563)
[2018.07.13-10.45.51:803][ 56]LogModuleManager: Shutting down and abandoning module FoliageEdit (561)
[2018.07.13-10.45.51:803][ 56]LogModuleManager: Shutting down and abandoning module LandscapeEditor (559)
[2018.07.13-10.45.51:803][ 56]LogModuleManager: Shutting down and abandoning module MeshPaintMode (557)
[2018.07.13-10.45.51:803][ 56]LogModuleManager: Shutting down and abandoning module SceneDepthPickerMode (555)
[2018.07.13-10.45.51:803][ 56]LogModuleManager: Shutting down and abandoning module ActorPickerMode (553)
[2018.07.13-10.45.51:803][ 56]LogModuleManager: Shutting down and abandoning module GeometryMode (551)
[2018.07.13-10.45.51:803][ 56]LogModuleManager: Shutting down and abandoning module TextureAlignMode (549)
[2018.07.13-10.45.51:803][ 56]LogModuleManager: Shutting down and abandoning module BspMode (547)
[2018.07.13-10.45.51:803][ 56]LogModuleManager: Shutting down and abandoning module PIEPreviewDeviceProfileSelector (545)
[2018.07.13-10.45.51:803][ 56]LogModuleManager: Shutting down and abandoning module HardwareSurvey (543)
[2018.07.13-10.45.51:803][ 56]LogModuleManager: Shutting down and abandoning module SequenceRecorderSections (541)
[2018.07.13-10.45.51:803][ 56]LogModuleManager: Shutting down and abandoning module AutomationWorker (539)
[2018.07.13-10.45.51:803][ 56]LogModuleManager: Shutting down and abandoning module AudioCaptureEditor (537)
[2018.07.13-10.45.51:803][ 56]LogModuleManager: Shutting down and abandoning module SequenceRecorder (536)
[2018.07.13-10.45.51:803][ 56]LogModuleManager: Shutting down and abandoning module MatineeToLevelSequence (533)
[2018.07.13-10.45.51:803][ 56]LogModuleManager: Shutting down and abandoning module LevelSequenceEditor (531)
[2018.07.13-10.45.51:803][ 56]LogModuleManager: Shutting down and abandoning module PlacementMode (530)
[2018.07.13-10.45.51:803][ 56]LogModuleManager: Shutting down and abandoning module MaterialEditor (529)
[2018.07.13-10.45.51:803][ 56]LogModuleManager: Shutting down and abandoning module WmfMediaFactory (525)
[2018.07.13-10.45.51:803][ 56]LogModuleManager: Shutting down and abandoning module WmfMediaEditor (523)
[2018.07.13-10.45.51:803][ 56]LogModuleManager: Shutting down and abandoning module MediaPlayerEditor (521)
[2018.07.13-10.45.51:803][ 56]LogModuleManager: Shutting down and abandoning module OpenExrWrapper (519)
[2018.07.13-10.45.51:803][ 56]LogModuleManager: Shutting down and abandoning module ImgMediaFactory (517)
[2018.07.13-10.45.51:803][ 56]LogModuleManager: Shutting down and abandoning module ImgMediaEditor (515)
[2018.07.13-10.45.51:804][ 56]LogModuleManager: Shutting down and abandoning module AvfMediaFactory (513)
[2018.07.13-10.45.51:804][ 56]LogModuleManager: Shutting down and abandoning module AvfMediaEditor (511)
[2018.07.13-10.45.51:804][ 56]LogModuleManager: Shutting down and abandoning module AndroidMediaFactory (509)
[2018.07.13-10.45.51:804][ 56]LogModuleManager: Shutting down and abandoning module AndroidMediaEditor (507)
[2018.07.13-10.45.51:804][ 56]LogModuleManager: Shutting down and abandoning module CharacterAI (505)
[2018.07.13-10.45.51:804][ 56]LogModuleManager: Shutting down and abandoning module SmartSnapping (503)
[2018.07.13-10.45.51:804][ 56]LogModuleManager: Shutting down and abandoning module SessionServices (501)
[2018.07.13-10.45.51:804][ 56]LogModuleManager: Shutting down and abandoning module ViewportSnapping (499)
[2018.07.13-10.45.51:804][ 56]LogModuleManager: Shutting down and abandoning module ViewportInteraction (497)
[2018.07.13-10.45.51:804][ 56]LogModuleManager: Shutting down and abandoning module ClothPainter (495)
[2018.07.13-10.45.51:804][ 56]LogModuleManager: Shutting down and abandoning module SkeletalMeshEditor (494)
[2018.07.13-10.45.51:804][ 56]LogModuleManager: Shutting down and abandoning module LogVisualizer (491)
[2018.07.13-10.45.51:804][ 56]LogModuleManager: Shutting down and abandoning module IntroTutorials (489)
[2018.07.13-10.45.51:804][ 56]LogModuleManager: Shutting down and abandoning module GameProjectGeneration (488)
[2018.07.13-10.45.51:804][ 56]LogModuleManager: Shutting down and abandoning module IOSPlatformEditor (485)
[2018.07.13-10.45.51:804][ 56]LogModuleManager: Shutting down and abandoning module HTML5PlatformEditor (483)
[2018.07.13-10.45.51:804][ 56]LogModuleManager: Shutting down and abandoning module AndroidPlatformEditor (481)
[2018.07.13-10.45.51:804][ 56]LogModuleManager: Shutting down and abandoning module AndroidDeviceDetection (480)
[2018.07.13-10.45.52:581][ 56]LogModuleManager: Shutting down and abandoning module WindowsPlatformEditor (477)
[2018.07.13-10.45.52:581][ 56]LogModuleManager: Shutting down and abandoning module IOSRuntimeSettings (475)
[2018.07.13-10.45.52:581][ 56]LogModuleManager: Shutting down and abandoning module AndroidRuntimeSettings (473)
[2018.07.13-10.45.52:581][ 56]LogModuleManager: Shutting down and abandoning module InputBindingEditor (471)
[2018.07.13-10.45.52:581][ 56]LogModuleManager: Shutting down and abandoning module MergeActors (469)
[2018.07.13-10.45.52:581][ 56]LogModuleManager: Shutting down and abandoning module LocalizationDashboard (467)
[2018.07.13-10.45.52:581][ 56]LogModuleManager: Shutting down and abandoning module LocalizationService (466)
[2018.07.13-10.45.52:581][ 56]LogModuleManager: Shutting down and abandoning module HardwareTargeting (463)
[2018.07.13-10.45.52:581][ 56]LogModuleManager: Shutting down and abandoning module DeviceProfileEditor (461)
[2018.07.13-10.45.52:581][ 56]LogModuleManager: Shutting down and abandoning module UndoHistory (459)
[2018.07.13-10.45.52:581][ 56]LogModuleManager: Shutting down and abandoning module XmlParser (457)
[2018.07.13-10.45.52:581][ 56]LogModuleManager: Shutting down and abandoning module Blutility (455)
[2018.07.13-10.45.52:581][ 56]LogModuleManager: Shutting down and abandoning module ProjectSettingsViewer (453)
[2018.07.13-10.45.52:581][ 56]LogModuleManager: Shutting down and abandoning module ProjectTargetPlatformEditor (452)
[2018.07.13-10.45.52:582][ 56]LogModuleManager: Shutting down and abandoning module EditorSettingsViewer (449)
[2018.07.13-10.45.52:582][ 56]LogModuleManager: Shutting down and abandoning module SettingsEditor (447)
[2018.07.13-10.45.52:582][ 56]LogModuleManager: Shutting down and abandoning module ProjectLauncher (445)
[2018.07.13-10.45.52:582][ 56]LogModuleManager: Shutting down and abandoning module SessionFrontend (443)
[2018.07.13-10.45.52:582][ 56]LogModuleManager: Shutting down and abandoning module ProfilerClient (441)
[2018.07.13-10.45.52:582][ 56]LogModuleManager: Shutting down and abandoning module DeviceManager (439)
[2018.07.13-10.45.52:582][ 56]LogModuleManager: Shutting down and abandoning module TargetDeviceServices (438)
[2018.07.13-10.45.52:636][ 56]LogModuleManager: Shutting down and abandoning module AutomationController (435)
[2018.07.13-10.45.52:636][ 56]LogModuleManager: Shutting down and abandoning module AutomationWindow (433)
[2018.07.13-10.45.52:636][ 56]LogModuleManager: Shutting down and abandoning module Layers (431)
[2018.07.13-10.45.52:636][ 56]LogModuleManager: Shutting down and abandoning module ComponentVisualizers (429)
[2018.07.13-10.45.52:636][ 56]LogModuleManager: Shutting down and abandoning module DetailCustomizations (427)
[2018.07.13-10.45.52:636][ 56]LogModuleManager: Shutting down and abandoning module PackagesDialog (425)
[2018.07.13-10.45.52:636][ 56]LogModuleManager: Shutting down and abandoning module Persona (423)
[2018.07.13-10.45.52:636][ 56]LogModuleManager: Shutting down and abandoning module AdvancedPreviewScene (422)
[2018.07.13-10.45.52:636][ 56]LogModuleManager: Shutting down and abandoning module AnimGraph (420)
[2018.07.13-10.45.52:636][ 56]LogModuleManager: Shutting down and abandoning module Kismet (417)
[2018.07.13-10.45.52:637][ 56]LogModuleManager: Shutting down and abandoning module GraphEditor (415)
[2018.07.13-10.45.52:637][ 56]LogModuleManager: Shutting down and abandoning module ClassViewer (413)
[2018.07.13-10.45.52:637][ 56]LogModuleManager: Shutting down and abandoning module Toolbox (411)
[2018.07.13-10.45.52:637][ 56]LogModuleManager: Shutting down and abandoning module ModuleUI (409)
[2018.07.13-10.45.52:637][ 56]LogModuleManager: Shutting down and abandoning module MovieSceneTools (407)
[2018.07.13-10.45.52:637][ 56]LogModuleManager: Shutting down and abandoning module OutputLog (405)
[2018.07.13-10.45.52:637][ 56]LogModuleManager: Shutting down and abandoning module GammaUI (403)
[2018.07.13-10.45.52:637][ 56]LogModuleManager: Shutting down and abandoning module Documentation (401)
[2018.07.13-10.45.52:637][ 56]LogModuleManager: Shutting down and abandoning module MovieSceneTracks (399)
[2018.07.13-10.45.52:637][ 56]LogModuleManager: Shutting down and abandoning module MovieScene (397)
[2018.07.13-10.45.52:637][ 56]LogModuleManager: Shutting down and abandoning module StreamingPauseRendering (395)
[2018.07.13-10.45.52:637][ 56]LogModuleManager: Shutting down and abandoning module LauncherPlatform (393)
[2018.07.13-10.45.52:637][ 56]LogModuleManager: Shutting down and abandoning module AnalyticsET (391)
[2018.07.13-10.45.52:637][ 56]LogModuleManager: Shutting down and abandoning module PortalServices (389)
[2018.07.13-10.45.52:637][ 56]LogModuleManager: Shutting down and abandoning module PortalRpc (387)
[2018.07.13-10.45.52:637][ 56]LogModuleManager: Shutting down and abandoning module MessagingRpc (385)
[2018.07.13-10.45.52:637][ 56]LogModuleManager: Shutting down and abandoning module AIModule (383)
[2018.07.13-10.45.52:637][ 56]LogModuleManager: Shutting down and abandoning module GameplayDebugger (382)
[2018.07.13-10.45.52:637][ 56]LogModuleManager: Shutting down and abandoning module AITestSuite (380)
[2018.07.13-10.45.52:637][ 56]LogModuleManager: Shutting down and abandoning module DesktopPlatform (377)
[2018.07.13-10.45.52:637][ 56]LogModuleManager: Shutting down and abandoning module ProfilerService (375)
[2018.07.13-10.45.52:793][ 56]LogModuleManager: Shutting down and abandoning module TaskGraph (373)
[2018.07.13-10.45.52:793][ 56]LogModuleManager: Shutting down and abandoning module SteamVRController (371)
[2018.07.13-10.45.52:793][ 56]LogModuleManager: Shutting down and abandoning module ProceduralMeshComponentEditor (369)
[2018.07.13-10.45.52:793][ 56]LogModuleManager: Shutting down and abandoning module ProceduralMeshComponent (367)
[2018.07.13-10.45.52:793][ 56]LogModuleManager: Shutting down and abandoning module OculusInput (365)
[2018.07.13-10.45.52:793][ 56]LogModuleManager: Shutting down and abandoning module MobilePatchingUtils (363)
[2018.07.13-10.45.52:793][ 56]LogModuleManager: Shutting down and abandoning module CustomMeshComponent (361)
[2018.07.13-10.45.52:793][ 56]LogModuleManager: Shutting down and abandoning module CableComponent (359)
[2018.07.13-10.45.52:793][ 56]LogModuleManager: Shutting down and abandoning module AudioCapture (357)
[2018.07.13-10.45.52:793][ 56]LogModuleManager: Shutting down and abandoning module ArchVisCharacter (355)
[2018.07.13-10.45.52:793][ 56]LogModuleManager: Shutting down and abandoning module AndroidPermission (353)
[2018.07.13-10.45.52:793][ 56]LogModuleManager: Shutting down and abandoning module NUTUnrealEngine4 (351)
[2018.07.13-10.45.52:793][ 56]LogModuleManager: Shutting down and abandoning module NetcodeUnitTest (349)
[2018.07.13-10.45.52:793][ 56]LogModuleManager: Shutting down and abandoning module MediaCompositingEditor (347)
[2018.07.13-10.45.52:793][ 56]LogModuleManager: Shutting down and abandoning module MediaCompositing (345)
[2018.07.13-10.45.52:793][ 56]LogModuleManager: Shutting down and abandoning module LinearTimecode (343)
[2018.07.13-10.45.52:793][ 56]LogModuleManager: Shutting down and abandoning module ImgMedia (341)
[2018.07.13-10.45.52:797][ 56]LogModuleManager: Shutting down and abandoning module HTML5Networking (339)
[2018.07.13-10.45.52:797][ 56]LogModuleManager: Shutting down and abandoning module AlembicImporter (337)
[2018.07.13-10.45.52:797][ 56]LogModuleManager: Shutting down and abandoning module AlembicLibrary (336)
[2018.07.13-10.45.52:797][ 56]LogModuleManager: Shutting down and abandoning module GeometryCache (335)
[2018.07.13-10.45.52:797][ 56]LogModuleManager: Shutting down and abandoning module GeometryCacheEd (334)
[2018.07.13-10.45.52:797][ 56]LogModuleManager: Shutting down and abandoning module DatasmithContent (329)
[2018.07.13-10.45.52:797][ 56]LogModuleManager: Shutting down and abandoning module SpeedTreeImporter (327)
[2018.07.13-10.45.52:797][ 56]LogModuleManager: Shutting down and abandoning module PluginBrowser (325)
[2018.07.13-10.45.52:797][ 56]LogModuleManager: Shutting down and abandoning module MobileLauncherProfileWizard (323)
[2018.07.13-10.45.52:797][ 56]LogModuleManager: Shutting down and abandoning module CryptoKeysOpenSSL (321)
[2018.07.13-10.45.52:797][ 56]LogModuleManager: Shutting down and abandoning module CryptoKeys (319)
[2018.07.13-10.45.52:797][ 56]LogModuleManager: Shutting down and abandoning module VisualStudioSourceCodeAccess (317)
[2018.07.13-10.45.52:797][ 56]LogModuleManager: Shutting down and abandoning module VisualStudioCodeSourceCodeAccess (315)
[2018.07.13-10.45.52:797][ 56]LogModuleManager: Shutting down and abandoning module UObjectPlugin (313)
[2018.07.13-10.45.52:797][ 56]LogModuleManager: Shutting down and abandoning module SubversionSourceControl (311)
[2018.07.13-10.45.52:797][ 56]LogModuleManager: Shutting down and abandoning module PerforceSourceControl (309)
[2018.07.13-10.45.52:797][ 56]LogModuleManager: Shutting down and abandoning module GitSourceControl (307)
[2018.07.13-10.45.52:797][ 56]LogModuleManager: Shutting down and abandoning module SourceControl (306)
[2018.07.13-10.45.52:797][ 56]LogModuleManager: Shutting down and abandoning module CLionSourceCodeAccess (303)
[2018.07.13-10.45.52:797][ 56]LogModuleManager: Shutting down and abandoning module LightPropagationVolumeEditor (301)
[2018.07.13-10.45.52:797][ 56]LogModuleManager: Shutting down and abandoning module PaperTiledImporter (299)
[2018.07.13-10.45.52:797][ 56]LogModuleManager: Shutting down and abandoning module PaperSpriteSheetImporter (297)
[2018.07.13-10.45.52:797][ 56]LogModuleManager: Shutting down and abandoning module Paper2DEditor (295)
[2018.07.13-10.45.52:797][ 56]LogModuleManager: Shutting down and abandoning module MeshPaint (294)
[2018.07.13-10.45.52:797][ 56]LogModuleManager: Shutting down and abandoning module RuntimePhysXCooking (291)
[2018.07.13-10.45.52:797][ 56]LogModuleManager: Shutting down and abandoning module PhysXVehiclesEditor (289)
[2018.07.13-10.45.52:797][ 56]LogModuleManager: Shutting down and abandoning module PhysXVehicles (287)
[2018.07.13-10.45.52:797][ 56]LogModuleManager: Shutting down and abandoning module OculusEditor (285)
[2018.07.13-10.45.52:797][ 56]LogModuleManager: Shutting down and abandoning module LocationServicesBPLibrary (283)
[2018.07.13-10.45.52:797][ 56]LogModuleManager: Shutting down and abandoning module ImmediatePhysicsEditor (281)
[2018.07.13-10.45.52:797][ 56]LogModuleManager: Shutting down and abandoning module ImmediatePhysics (279)
[2018.07.13-10.45.52:797][ 56]LogModuleManager: Shutting down and abandoning module ActorSequence (277)
[2018.07.13-10.45.52:798][ 56]LogModuleManager: Shutting down and abandoning module UdpMessaging (275)
[2018.07.13-10.45.52:899][ 56]LogModuleManager: Shutting down and abandoning module TcpMessaging (273)
[2018.07.13-10.45.52:999][ 56]LogModuleManager: Shutting down and abandoning module GameplayTagsEditor (271)
[2018.07.13-10.45.52:999][ 56]LogModuleManager: Shutting down and abandoning module FacialAnimationEditor (269)
[2018.07.13-10.45.52:999][ 56]LogModuleManager: Shutting down and abandoning module FacialAnimation (267)
[2018.07.13-10.45.52:999][ 56]LogModuleManager: Shutting down and abandoning module DataValidation (265)
[2018.07.13-10.45.52:999][ 56]LogModuleManager: Shutting down and abandoning module AssetManagerEditor (263)
[2018.07.13-10.45.52:999][ 56]LogModuleManager: Shutting down and abandoning module LevelEditor (262)
[2018.07.13-10.45.53:000][ 56]LogModuleManager: Shutting down and abandoning module PixelInspectorModule (261)
[2018.07.13-10.45.53:000][ 56]LogModuleManager: Shutting down and abandoning module CommonMenuExtensions (259)
[2018.07.13-10.45.53:000][ 56]LogModuleManager: Shutting down and abandoning module MainFrame (257)
[2018.07.13-10.45.53:000][ 56]LogModuleManager: Shutting down and abandoning module HotReload (256)
[2018.07.13-10.45.53:000][ 56]LogModuleManager: Shutting down and abandoning module ContentBrowser (252)
[2018.07.13-10.45.53:001][ 56]LogModuleManager: Shutting down and abandoning module TreeMap (250)
[2018.07.13-10.45.53:001][ 56]LogModuleManager: Shutting down and abandoning module LightPropagationVolumeRuntime (247)
[2018.07.13-10.45.53:001][ 56]LogModuleManager: Shutting down and abandoning module LiveLinkEditor (245)
[2018.07.13-10.45.53:001][ 56]LogModuleManager: Shutting down and abandoning module LiveLink (243)
[2018.07.13-10.45.53:158][ 56]LogModuleManager: Shutting down and abandoning module Paper2D (241)
[2018.07.13-10.45.53:158][ 56]LogModuleManager: Shutting down and abandoning module WindowsMoviePlayer (239)
[2018.07.13-10.45.53:159][ 56]LogModuleManager: Shutting down and abandoning module WmfMedia (237)
[2018.07.13-10.45.53:162][ 56]LogModuleManager: Shutting down and abandoning module Media (236)
[2018.07.13-10.45.53:169][ 56]LogModuleManager: Shutting down and abandoning module PacketHandler (233)
[2018.07.13-10.45.53:169][ 56]LogModuleManager: Shutting down and abandoning module ClothingSystemEditor (231)
[2018.07.13-10.45.53:169][ 56]LogModuleManager: Shutting down and abandoning module ClothingSystemRuntime (229)
[2018.07.13-10.45.53:169][ 56]LogModuleManager: Shutting down and abandoning module MediaAssets (227)
[2018.07.13-10.45.53:169][ 56]LogModuleManager: Shutting down and abandoning module Overlay (225)
[2018.07.13-10.45.53:169][ 56]LogModuleManager: Shutting down and abandoning module OverlayEditor (224)
[2018.07.13-10.45.53:169][ 56]LogModuleManager: Shutting down and abandoning module VREditor (221)
[2018.07.13-10.45.53:170][ 56]LogModuleManager: Shutting down and abandoning module StringTableEditor (219)
[2018.07.13-10.45.53:170][ 56]LogModuleManager: Shutting down and abandoning module GameplayTasksEditor (217)
[2018.07.13-10.45.53:170][ 56]LogModuleManager: Shutting down and abandoning module BehaviorTreeEditor (215)
[2018.07.13-10.45.53:170][ 56]LogModuleManager: Shutting down and abandoning module FunctionalTesting (213)
[2018.07.13-10.45.53:170][ 56]LogModuleManager: Shutting down and abandoning module CollisionAnalyzer (211)
[2018.07.13-10.45.53:170][ 56]LogModuleManager: Shutting down and abandoning module WorkspaceMenuStructure (210)
[2018.07.13-10.45.53:170][ 56]LogModuleManager: Shutting down and abandoning module UMG (207)
[2018.07.13-10.45.53:170][ 56]LogModuleManager: Shutting down and abandoning module UMGEditor (206)
[2018.07.13-10.45.53:170][ 56]LogModuleManager: Shutting down and abandoning module Sequencer (205)
[2018.07.13-10.45.53:171][ 56]LogModuleManager: Shutting down and abandoning module MessageLog (202)
[2018.07.13-10.45.53:171][ 56]LogModuleManager: Shutting down and abandoning module SlateReflector (197)
[2018.07.13-10.45.53:171][ 56]LogModuleManager: Shutting down and abandoning module Slate (195)
[2018.07.13-10.45.53:171][ 56]LogModuleManager: Shutting down and abandoning module EditorStyle (193)
[2018.07.13-10.45.53:175][ 56]LogModuleManager: Shutting down and abandoning module MRMesh (191)
[2018.07.13-10.45.53:175][ 56]LogModuleManager: Shutting down and abandoning module SourceCodeAccess (189)
[2018.07.13-10.45.53:175][ 56]LogModuleManager: Shutting down and abandoning module HeadMountedDisplay (187)
[2018.07.13-10.45.53:175][ 56]LogModuleManager: Shutting down and abandoning module XAudio2 (185)
[2018.07.13-10.45.53:176][ 56]LogModuleManager: Shutting down and abandoning module Networking (183)
[2018.07.13-10.45.53:176][ 56]LogModuleManager: Shutting down and abandoning module Core (181)
[2018.07.13-10.45.53:176][ 56]LogModuleManager: Shutting down and abandoning module LevelSequence (179)
[2018.07.13-10.45.53:176][ 56]LogModuleManager: Shutting down and abandoning module KismetCompiler (177)
[2018.07.13-10.45.53:176][ 56]LogModuleManager: Shutting down and abandoning module MeshUtilities (175)
[2018.07.13-10.45.53:176][ 56]LogModuleManager: Shutting down and abandoning module MeshMergeUtilities (174)
[2018.07.13-10.45.53:176][ 56]LogModuleManager: Shutting down and abandoning module MeshReductionInterface (173)
[2018.07.13-10.45.53:176][ 56]LogModuleManager: Shutting down and abandoning module SimplygonSwarm (172)
[2018.07.13-10.45.53:176][ 56]LogModuleManager: Shutting down and abandoning module SimplygonMeshReduction (170)
[2018.07.13-10.45.53:176][ 56]LogModuleManager: Shutting down and abandoning module QuadricMeshReduction (168)
[2018.07.13-10.45.53:176][ 56]LogModuleManager: Shutting down and abandoning module MaterialBaking (164)
[2018.07.13-10.45.53:176][ 56]LogModuleManager: Shutting down and abandoning module DirectoryWatcher (160)
[2018.07.13-10.45.53:178][ 56]LogModuleManager: Shutting down and abandoning module DerivedDataCache (157)
[2018.07.13-10.45.53:492][ 56]LogDerivedDataCache: Shutdown
[2018.07.13-10.45.53:493][ 56]LogModuleManager: Shutting down and abandoning module XGEController (155)
[2018.07.13-10.45.53:493][ 56]LogModuleManager: Shutting down and abandoning module TargetPlatform (153)
[2018.07.13-10.45.53:493][ 56]LogModuleManager: Shutting down and abandoning module VulkanShaderFormat (152)
[2018.07.13-10.45.53:493][ 56]LogModuleManager: Shutting down and abandoning module ShaderFormatVectorVM (150)
[2018.07.13-10.45.53:493][ 56]LogModuleManager: Shutting down and abandoning module ShaderFormatOpenGL (148)
[2018.07.13-10.45.53:493][ 56]LogModuleManager: Shutting down and abandoning module ShaderFormatD3D (146)
[2018.07.13-10.45.53:493][ 56]LogModuleManager: Shutting down and abandoning module MetalShaderFormat (144)
[2018.07.13-10.45.53:493][ 56]LogModuleManager: Shutting down and abandoning module TextureFormatUncompressed (142)
[2018.07.13-10.45.53:493][ 56]LogModuleManager: Shutting down and abandoning module TextureFormatPVR (140)
[2018.07.13-10.45.53:493][ 56]LogModuleManager: Shutting down and abandoning module TextureFormatDXT (138)
[2018.07.13-10.45.53:493][ 56]LogModuleManager: Shutting down and abandoning module TextureFormatIntelISPCTexComp (136)
[2018.07.13-10.45.53:493][ 56]LogModuleManager: Shutting down and abandoning module TextureFormatASTC (134)
[2018.07.13-10.45.53:493][ 56]LogModuleManager: Shutting down and abandoning module ImageWrapper (133)
[2018.07.13-10.45.53:493][ 56]LogModuleManager: Shutting down and abandoning module TextureFormatAndroid (130)
[2018.07.13-10.45.53:493][ 56]LogModuleManager: Shutting down and abandoning module AudioFormatOpus (128)
[2018.07.13-10.45.53:493][ 56]LogModuleManager: Shutting down and abandoning module AudioFormatOgg (126)
[2018.07.13-10.45.53:493][ 56]LogModuleManager: Shutting down and abandoning module AudioFormatADPCM (124)
[2018.07.13-10.45.53:493][ 56]LogModuleManager: Shutting down and abandoning module LinuxTargetPlatform (122)
[2018.07.13-10.45.53:493][ 56]LogModuleManager: Shutting down and abandoning module LinuxServerTargetPlatform (120)
[2018.07.13-10.45.53:493][ 56]LogModuleManager: Shutting down and abandoning module LinuxNoEditorTargetPlatform (118)
[2018.07.13-10.45.53:493][ 56]LogModuleManager: Shutting down and abandoning module LinuxClientTargetPlatform (116)
[2018.07.13-10.45.53:493][ 56]LogModuleManager: Shutting down and abandoning module TVOSTargetPlatform (114)
[2018.07.13-10.45.53:495][ 56]LogModuleManager: Shutting down and abandoning module Messaging (112)
[2018.07.13-10.45.53:495][ 56]LogModuleManager: Shutting down and abandoning module IOSTargetPlatform (110)
[2018.07.13-10.45.53:495][ 56]LogModuleManager: Shutting down and abandoning module HTML5TargetPlatform (108)
[2018.07.13-10.45.53:495][ 56]LogModuleManager: Shutting down and abandoning module AndroidTargetPlatform (106)
[2018.07.13-10.45.53:497][ 56]LogModuleManager: Shutting down and abandoning module Android_PVRTCTargetPlatform (104)
[2018.07.13-10.45.53:497][ 56]LogModuleManager: Shutting down and abandoning module Android_MultiTargetPlatform (102)
[2018.07.13-10.45.53:497][ 56]LogModuleManager: Shutting down and abandoning module Android_ETC2TargetPlatform (100)
[2018.07.13-10.45.53:497][ 56]LogModuleManager: Shutting down and abandoning module Android_ETC1TargetPlatform (98)
[2018.07.13-10.45.53:497][ 56]LogModuleManager: Shutting down and abandoning module Android_ETC1aTargetPlatform (96)
[2018.07.13-10.45.53:497][ 56]LogModuleManager: Shutting down and abandoning module Android_DXTTargetPlatform (94)
[2018.07.13-10.45.53:497][ 56]LogModuleManager: Shutting down and abandoning module Android_ATCTargetPlatform (92)
[2018.07.13-10.45.53:497][ 56]LogModuleManager: Shutting down and abandoning module Android_ASTCTargetPlatform (90)
[2018.07.13-10.45.53:497][ 56]LogModuleManager: Shutting down and abandoning module WindowsTargetPlatform (88)
[2018.07.13-10.45.53:497][ 56]LogModuleManager: Shutting down and abandoning module WindowsServerTargetPlatform (86)
[2018.07.13-10.45.53:499][ 56]LogModuleManager: Shutting down and abandoning module WindowsNoEditorTargetPlatform (84)
[2018.07.13-10.45.53:500][ 56]LogModuleManager: Shutting down and abandoning module WindowsClientTargetPlatform (82)
[2018.07.13-10.45.53:500][ 56]LogModuleManager: Shutting down and abandoning module MacTargetPlatform (80)
[2018.07.13-10.45.53:500][ 56]LogModuleManager: Shutting down and abandoning module MacServerTargetPlatform (78)
[2018.07.13-10.45.53:501][ 56]LogModuleManager: Shutting down and abandoning module MacNoEditorTargetPlatform (76)
[2018.07.13-10.45.53:501][ 56]LogModuleManager: Shutting down and abandoning module MacClientTargetPlatform (74)
[2018.07.13-10.45.53:501][ 56]LogModuleManager: Shutting down and abandoning module AllDesktopTargetPlatform (72)
[2018.07.13-10.45.53:501][ 56]LogModuleManager: Shutting down and abandoning module InputCore (69)
[2018.07.13-10.45.53:503][ 56]LogModuleManager: Shutting down and abandoning module Settings (67)
[2018.07.13-10.45.53:503][ 56]LogModuleManager: Shutting down and abandoning module PhysXCooking (65)
[2018.07.13-10.45.53:503][ 56]LogModuleManager: Shutting down and abandoning module SteamVR (63)
[2018.07.13-10.45.53:503][ 56]LogModuleManager: Shutting down and abandoning module OculusHMD (61)
[2018.07.13-10.45.53:503][ 56]LogModuleManager: Shutting down and abandoning module ExampleDeviceProfileSelector (59)
[2018.07.13-10.45.53:503][ 56]LogModuleManager: Shutting down and abandoning module AppleARKit (57)
[2018.07.13-10.45.53:503][ 56]LogModuleManager: Shutting down and abandoning module AugmentedReality (56)
[2018.07.13-10.45.53:503][ 56]LogModuleManager: Shutting down and abandoning module OnlineBlueprintSupport (53)
[2018.07.13-10.45.53:503][ 56]LogModuleManager: Shutting down and abandoning module OnlineSubsystem (49)
[2018.07.13-10.45.53:503][ 56]LogOnline: Display: OSS: FOnlineSubsystemNull::Shutdown()
[2018.07.13-10.45.53:503][ 56]LogOnline: Display: OSS: FOnlineAsyncTaskManager::Stop() ActiveTask:0000000000000000 Tasks[0/0]
[2018.07.13-10.45.53:505][ 56]LogOnline: Display: OSS: FOnlineAsyncTaskManager::Exit() started
[2018.07.13-10.45.53:505][ 56]LogOnline: Display: OSS: FOnlineAsyncTaskManager::Exit() finished
[2018.07.13-10.45.53:505][ 56]LogModuleManager: Shutting down and abandoning module XMPP (43)
[2018.07.13-10.45.53:505][ 56]LogModuleManager: Shutting down and abandoning module HTTP (41)
[2018.07.13-10.45.53:505][ 56]LogHttp: Display: Http module shutting down, but needs to wait on 1 outstanding Http requests:
[2018.07.13-10.45.53:505][ 56]LogHttp: Display: 	verb=[POST] url=[https://datarouter.ol.epicgames.com/datarouter/api/v1/public/data?SessionID=%7B864C9740-4946-D833-E440-4E885722EDD8%7D&AppID=UEEditor.Rocket.Release&AppVersion=4.19.2-4033788%2B%2B%2BUE4%2BRelease-4.19&UserID=ca2005b146c1ab2b897e819fcebb6743%7Ce2f4d6ce1bf44813a13b6deb816a2c91%7C33eb072e-7f2c-4c3a-af91-eb3b84d3d0e3&AppEnvironment=datacollector-binary&UploadType=eteventstream] status=Processing
[2018.07.13-10.45.53:510][ 56]LogModuleManager: Shutting down and abandoning module SSL (40)
[2018.07.13-10.45.53:511][ 56]LogModuleManager: Shutting down and abandoning module AnimationModifiers (36)
[2018.07.13-10.45.53:511][ 56]LogModuleManager: Shutting down and abandoning module PropertyEditor (35)
[2018.07.13-10.45.53:511][ 56]LogModuleManager: Shutting down and abandoning module AudioEditor (32)
[2018.07.13-10.45.53:511][ 56]LogModuleManager: Shutting down and abandoning module TextureCompressor (30)
[2018.07.13-10.45.53:511][ 56]LogModuleManager: Shutting down and abandoning module ShaderCore (28)
[2018.07.13-10.45.53:511][ 56]LogModuleManager: Shutting down and abandoning module Landscape (26)
[2018.07.13-10.45.53:511][ 56]LogModuleManager: Shutting down and abandoning module SlateRHIRenderer (24)
[2018.07.13-10.45.53:512][ 56]LogModuleManager: Shutting down and abandoning module OpenGLDrv (22)
[2018.07.13-10.45.53:512][ 56]LogModuleManager: Shutting down and abandoning module D3D11RHI (20)
[2018.07.13-10.45.53:512][ 56]LogModuleManager: Shutting down and abandoning module AnimGraphRuntime (18)
[2018.07.13-10.45.53:512][ 56]LogModuleManager: Shutting down and abandoning module Renderer (16)
[2018.07.13-10.45.53:512][ 56]LogModuleManager: Shutting down and abandoning module Engine (14)
[2018.07.13-10.45.53:512][ 56]LogModuleManager: Shutting down and abandoning module CoreUObject (12)
[2018.07.13-10.45.53:512][ 56]LogModuleManager: Shutting down and abandoning module NetworkFile (10)
[2018.07.13-10.45.53:512][ 56]LogModuleManager: Shutting down and abandoning module CookedIterativeFile (8)
[2018.07.13-10.45.53:512][ 56]LogModuleManager: Shutting down and abandoning module StreamingFile (6)
[2018.07.13-10.45.53:512][ 56]LogModuleManager: Shutting down and abandoning module SandboxFile (4)
[2018.07.13-10.45.53:512][ 56]LogModuleManager: Shutting down and abandoning module PakFile (2)
[2018.07.13-10.45.53:519][ 56]LogExit: Exiting.
[2018.07.13-10.45.53:526][ 56]Log file closed, 07/13/18 12:45:53
